{"/home/travis/build/npmtest/node-npmtest-numeral/test.js":{"path":"/home/travis/build/npmtest/node-npmtest-numeral/test.js","s":{"1":2,"2":2,"3":2,"4":2,"5":2,"6":2,"7":2,"8":1,"9":2,"10":2,"11":1,"12":1,"13":1,"14":1,"15":2,"16":2,"17":2,"18":2,"19":1,"20":1,"21":2,"22":2,"23":2,"24":1,"25":1,"26":1,"27":1,"28":1,"29":1,"30":1,"31":1,"32":1,"33":1,"34":1,"35":1,"36":1,"37":1,"38":1,"39":2,"40":2,"41":1,"42":2,"43":2,"44":1,"45":2,"46":2,"47":1,"48":2,"49":2,"50":1,"51":1,"52":1,"53":1,"54":1},"b":{"1":[2,1,1,1],"2":[1,1,1,1],"3":[1,1],"4":[1,1],"5":[1,1],"6":[1,1],"7":[1,1],"8":[1,1],"9":[1,1],"10":[1,1,1],"11":[1,1],"12":[1,1],"13":[1,1],"14":[1,1],"15":[1,1],"16":[1,1],"17":[1,1]},"f":{"1":2,"2":2,"3":2,"4":2,"5":2,"6":1,"7":1,"8":1,"9":2,"10":2,"11":2,"12":2,"13":1},"fnMap":{"1":{"name":"(anonymous_1)","line":12,"loc":{"start":{"line":12,"column":1},"end":{"line":12,"column":13}}},"2":{"name":"(anonymous_2)","line":19,"loc":{"start":{"line":19,"column":5},"end":{"line":19,"column":17}}},"3":{"name":"(anonymous_3)","line":23,"loc":{"start":{"line":23,"column":24},"end":{"line":23,"column":36}}},"4":{"name":"(anonymous_4)","line":61,"loc":{"start":{"line":61,"column":5},"end":{"line":61,"column":17}}},"5":{"name":"(anonymous_5)","line":82,"loc":{"start":{"line":82,"column":5},"end":{"line":82,"column":17}}},"6":{"name":"(anonymous_6)","line":91,"loc":{"start":{"line":91,"column":77},"end":{"line":94,"column":10}}},"7":{"name":"(anonymous_7)","line":112,"loc":{"start":{"line":112,"column":83},"end":{"line":115,"column":10}},"skip":true},"8":{"name":"(anonymous_8)","line":123,"loc":{"start":{"line":123,"column":77},"end":{"line":126,"column":10}},"skip":true},"9":{"name":"(anonymous_9)","line":139,"loc":{"start":{"line":139,"column":12},"end":{"line":139,"column":40}},"skip":true},"10":{"name":"(anonymous_10)","line":147,"loc":{"start":{"line":147,"column":77},"end":{"line":150,"column":10}},"skip":true},"11":{"name":"(anonymous_11)","line":158,"loc":{"start":{"line":158,"column":83},"end":{"line":161,"column":10}},"skip":true},"12":{"name":"(anonymous_12)","line":169,"loc":{"start":{"line":169,"column":79},"end":{"line":172,"column":10}},"skip":true},"13":{"name":"(anonymous_13)","line":180,"loc":{"start":{"line":180,"column":75},"end":{"line":183,"column":10}},"skip":true}},"statementMap":{"1":{"start":{"line":12,"column":0},"end":{"line":195,"column":5}},"2":{"start":{"line":14,"column":4},"end":{"line":14,"column":14}},"3":{"start":{"line":19,"column":4},"end":{"line":56,"column":9}},"4":{"start":{"line":21,"column":8},"end":{"line":21,"column":19}},"5":{"start":{"line":23,"column":8},"end":{"line":35,"column":13}},"6":{"start":{"line":24,"column":12},"end":{"line":34,"column":13}},"7":{"start":{"line":25,"column":16},"end":{"line":28,"column":30}},"8":{"start":{"line":30,"column":16},"end":{"line":33,"column":27}},"9":{"start":{"line":37,"column":8},"end":{"line":39,"column":21}},"10":{"start":{"line":40,"column":8},"end":{"line":53,"column":9}},"11":{"start":{"line":43,"column":12},"end":{"line":46,"column":14}},"12":{"start":{"line":47,"column":12},"end":{"line":47,"column":18}},"13":{"start":{"line":50,"column":12},"end":{"line":51,"column":33}},"14":{"start":{"line":52,"column":12},"end":{"line":52,"column":18}},"15":{"start":{"line":55,"column":8},"end":{"line":55,"column":35}},"16":{"start":{"line":61,"column":4},"end":{"line":63,"column":9}},"17":{"start":{"line":62,"column":8},"end":{"line":62,"column":15}},"18":{"start":{"line":64,"column":4},"end":{"line":77,"column":5}},"19":{"start":{"line":70,"column":8},"end":{"line":70,"column":14}},"20":{"start":{"line":76,"column":8},"end":{"line":76,"column":14}},"21":{"start":{"line":82,"column":4},"end":{"line":84,"column":9}},"22":{"start":{"line":83,"column":8},"end":{"line":83,"column":15}},"23":{"start":{"line":85,"column":4},"end":{"line":194,"column":5}},"24":{"start":{"line":91,"column":8},"end":{"line":99,"column":10}},"25":{"start":{"line":98,"column":12},"end":{"line":98,"column":35}},"26":{"start":{"line":102,"column":8},"end":{"line":104,"column":63}},"27":{"start":{"line":105,"column":8},"end":{"line":105,"column":14}},"28":{"start":{"line":112,"column":8},"end":{"line":121,"column":10},"skip":true},"29":{"start":{"line":119,"column":12},"end":{"line":119,"column":55},"skip":true},"30":{"start":{"line":120,"column":12},"end":{"line":120,"column":48},"skip":true},"31":{"start":{"line":123,"column":8},"end":{"line":136,"column":10},"skip":true},"32":{"start":{"line":130,"column":12},"end":{"line":130,"column":76},"skip":true},"33":{"start":{"line":131,"column":12},"end":{"line":131,"column":73},"skip":true},"34":{"start":{"line":132,"column":12},"end":{"line":132,"column":74},"skip":true},"35":{"start":{"line":133,"column":12},"end":{"line":133,"column":79},"skip":true},"36":{"start":{"line":134,"column":12},"end":{"line":134,"column":25},"skip":true},"37":{"start":{"line":135,"column":12},"end":{"line":135,"column":45},"skip":true},"38":{"start":{"line":138,"column":8},"end":{"line":145,"column":14},"skip":true},"39":{"start":{"line":143,"column":16},"end":{"line":143,"column":29},"skip":true},"40":{"start":{"line":144,"column":16},"end":{"line":144,"column":55},"skip":true},"41":{"start":{"line":147,"column":8},"end":{"line":156,"column":10},"skip":true},"42":{"start":{"line":154,"column":12},"end":{"line":154,"column":25},"skip":true},"43":{"start":{"line":155,"column":12},"end":{"line":155,"column":45},"skip":true},"44":{"start":{"line":158,"column":8},"end":{"line":167,"column":10},"skip":true},"45":{"start":{"line":165,"column":12},"end":{"line":165,"column":25},"skip":true},"46":{"start":{"line":166,"column":12},"end":{"line":166,"column":48},"skip":true},"47":{"start":{"line":169,"column":8},"end":{"line":178,"column":10},"skip":true},"48":{"start":{"line":176,"column":12},"end":{"line":176,"column":25},"skip":true},"49":{"start":{"line":177,"column":12},"end":{"line":177,"column":46},"skip":true},"50":{"start":{"line":180,"column":8},"end":{"line":189,"column":10},"skip":true},"51":{"start":{"line":187,"column":12},"end":{"line":187,"column":94},"skip":true},"52":{"start":{"line":188,"column":12},"end":{"line":188,"column":48},"skip":true},"53":{"start":{"line":192,"column":8},"end":{"line":192,"column":35},"skip":true},"54":{"start":{"line":193,"column":8},"end":{"line":193,"column":14},"skip":true}},"branchMap":{"1":{"line":25,"type":"binary-expr","locations":[{"start":{"line":25,"column":23},"end":{"line":25,"column":62}},{"start":{"line":26,"column":20},"end":{"line":26,"column":70}},{"start":{"line":27,"column":20},"end":{"line":27,"column":71}},{"start":{"line":28,"column":20},"end":{"line":28,"column":29}}]},"2":{"line":30,"type":"binary-expr","locations":[{"start":{"line":30,"column":23},"end":{"line":30,"column":37}},{"start":{"line":31,"column":20},"end":{"line":31,"column":61}},{"start":{"line":32,"column":20},"end":{"line":32,"column":70}},{"start":{"line":33,"column":20},"end":{"line":33,"column":26}}]},"3":{"line":37,"type":"cond-expr","locations":[{"start":{"line":38,"column":14},"end":{"line":38,"column":20}},{"start":{"line":39,"column":14},"end":{"line":39,"column":20}}]},"4":{"line":40,"type":"switch","locations":[{"start":{"line":42,"column":8},"end":{"line":47,"column":18}},{"start":{"line":49,"column":8},"end":{"line":52,"column":18}}]},"5":{"line":44,"type":"binary-expr","locations":[{"start":{"line":44,"column":16},"end":{"line":44,"column":44}},{"start":{"line":44,"column":48},"end":{"line":44,"column":66}}]},"6":{"line":50,"type":"binary-expr","locations":[{"start":{"line":50,"column":21},"end":{"line":50,"column":49}},{"start":{"line":50,"column":53},"end":{"line":50,"column":72}}]},"7":{"line":64,"type":"switch","locations":[{"start":{"line":69,"column":4},"end":{"line":70,"column":14}},{"start":{"line":75,"column":4},"end":{"line":76,"column":14}}]},"8":{"line":85,"type":"switch","locations":[{"start":{"line":90,"column":4},"end":{"line":105,"column":14}},{"start":{"line":111,"column":4},"end":{"line":193,"column":14},"skip":true}]},"9":{"line":91,"type":"binary-expr","locations":[{"start":{"line":91,"column":42},"end":{"line":91,"column":73}},{"start":{"line":91,"column":77},"end":{"line":99,"column":9}}]},"10":{"line":102,"type":"binary-expr","locations":[{"start":{"line":102,"column":18},"end":{"line":102,"column":32}},{"start":{"line":103,"column":12},"end":{"line":103,"column":53}},{"start":{"line":104,"column":12},"end":{"line":104,"column":61}}]},"11":{"line":112,"type":"binary-expr","locations":[{"start":{"line":112,"column":45},"end":{"line":112,"column":79},"skip":true},{"start":{"line":112,"column":83},"end":{"line":121,"column":9},"skip":true}]},"12":{"line":123,"type":"binary-expr","locations":[{"start":{"line":123,"column":42},"end":{"line":123,"column":73},"skip":true},{"start":{"line":123,"column":77},"end":{"line":136,"column":9},"skip":true}]},"13":{"line":138,"type":"binary-expr","locations":[{"start":{"line":138,"column":48},"end":{"line":138,"column":85},"skip":true},{"start":{"line":139,"column":12},"end":{"line":145,"column":13},"skip":true}]},"14":{"line":147,"type":"binary-expr","locations":[{"start":{"line":147,"column":42},"end":{"line":147,"column":73},"skip":true},{"start":{"line":147,"column":77},"end":{"line":156,"column":9},"skip":true}]},"15":{"line":158,"type":"binary-expr","locations":[{"start":{"line":158,"column":45},"end":{"line":158,"column":79},"skip":true},{"start":{"line":158,"column":83},"end":{"line":167,"column":9},"skip":true}]},"16":{"line":169,"type":"binary-expr","locations":[{"start":{"line":169,"column":43},"end":{"line":169,"column":75},"skip":true},{"start":{"line":169,"column":79},"end":{"line":178,"column":9},"skip":true}]},"17":{"line":180,"type":"binary-expr","locations":[{"start":{"line":180,"column":41},"end":{"line":180,"column":71},"skip":true},{"start":{"line":180,"column":75},"end":{"line":189,"column":9},"skip":true}]}},"code":["/* istanbul instrument in package npmtest_numeral */","/*jslint","    bitwise: true,","    browser: true,","    maxerr: 8,","    maxlen: 96,","    node: true,","    nomen: true,","    regexp: true,","    stupid: true","*/","(function () {","    'use strict';","    var local;","","","","    // run shared js-env code - init-before","    (function () {","        // init local","        local = {};","        // init modeJs","        local.modeJs = (function () {","            try {","                return typeof navigator.userAgent === 'string' &&","                    typeof document.querySelector('body') === 'object' &&","                    typeof XMLHttpRequest.prototype.open === 'function' &&","                    'browser';","            } catch (errorCaughtBrowser) {","                return module.exports &&","                    typeof process.versions.node === 'string' &&","                    typeof require('http').createServer === 'function' &&","                    'node';","            }","        }());","        // init global","        local.global = local.modeJs === 'browser'","            ? window","            : global;","        switch (local.modeJs) {","        // re-init local from window.local","        case 'browser':","            local = local.global.utility2.objectSetDefault(","                local.global.utility2_rollup || local.global.local,","                local.global.utility2","            );","            break;","        // re-init local from example.js","        case 'node':","            local = (local.global.utility2_rollup || require('utility2'))","                .requireReadme();","            break;","        }","        // export local","        local.global.local = local;","    }());","","","","    // run shared js-env code - function","    (function () {","        return;","    }());","    switch (local.modeJs) {","","","","    // run browser js-env code - function","    case 'browser':","        break;","","","","    // run node js-env code - function","    case 'node':","        break;","    }","","","","    // run shared js-env code - init-after","    (function () {","        return;","    }());","    switch (local.modeJs) {","","","","    // run browser js-env code - init-after","    case 'browser':","        local.testCase_browser_nullCase = local.testCase_browser_nullCase || function (","            options,","            onError","        ) {","        /*","         * this function will test browsers's null-case handling-behavior-behavior","         */","            onError(null, options);","        };","","        // run tests","        local.nop(local.modeTest &&","            document.querySelector('#testRunButton1') &&","            document.querySelector('#testRunButton1').click());","        break;","","","","    // run node js-env code - init-after","    /* istanbul ignore next */","    case 'node':","        local.testCase_buildApidoc_default = local.testCase_buildApidoc_default || function (","            options,","            onError","        ) {","        /*","         * this function will test buildApidoc's default handling-behavior-behavior","         */","            options = { modulePathList: module.paths };","            local.buildApidoc(options, onError);","        };","","        local.testCase_buildApp_default = local.testCase_buildApp_default || function (","            options,","            onError","        ) {","        /*","         * this function will test buildApp's default handling-behavior-behavior","         */","            local.testCase_buildReadme_default(options, local.onErrorThrow);","            local.testCase_buildLib_default(options, local.onErrorThrow);","            local.testCase_buildTest_default(options, local.onErrorThrow);","            local.testCase_buildCustomOrg_default(options, local.onErrorThrow);","            options = [];","            local.buildApp(options, onError);","        };","","        local.testCase_buildCustomOrg_default = local.testCase_buildCustomOrg_default ||","            function (options, onError) {","            /*","             * this function will test buildCustomOrg's default handling-behavior","             */","                options = {};","                local.buildCustomOrg(options, onError);","            };","","        local.testCase_buildLib_default = local.testCase_buildLib_default || function (","            options,","            onError","        ) {","        /*","         * this function will test buildLib's default handling-behavior","         */","            options = {};","            local.buildLib(options, onError);","        };","","        local.testCase_buildReadme_default = local.testCase_buildReadme_default || function (","            options,","            onError","        ) {","        /*","         * this function will test buildReadme's default handling-behavior-behavior","         */","            options = {};","            local.buildReadme(options, onError);","        };","","        local.testCase_buildTest_default = local.testCase_buildTest_default || function (","            options,","            onError","        ) {","        /*","         * this function will test buildTest's default handling-behavior","         */","            options = {};","            local.buildTest(options, onError);","        };","","        local.testCase_webpage_default = local.testCase_webpage_default || function (","            options,","            onError","        ) {","        /*","         * this function will test webpage's default handling-behavior","         */","            options = { modeCoverageMerge: true, url: local.serverLocalHost + '?modeTest=1' };","            local.browserTest(options, onError);","        };","","        // run test-server","        local.testRunServer(local);","        break;","    }","}());",""],"l":{"12":2,"14":2,"19":2,"21":2,"23":2,"24":2,"25":2,"30":1,"37":2,"40":2,"43":1,"47":1,"50":1,"52":1,"55":2,"61":2,"62":2,"64":2,"70":1,"76":1,"82":2,"83":2,"85":2,"91":1,"98":1,"102":1,"105":1,"112":1,"119":1,"120":1,"123":1,"130":1,"131":1,"132":1,"133":1,"134":1,"135":1,"138":1,"143":2,"144":2,"147":1,"154":2,"155":2,"158":1,"165":2,"166":2,"169":1,"176":2,"177":2,"180":1,"187":1,"188":1,"192":1,"193":1}},"/home/travis/build/npmtest/node-npmtest-numeral/lib.npmtest_numeral.js":{"path":"/home/travis/build/npmtest/node-npmtest-numeral/lib.npmtest_numeral.js","s":{"1":2,"2":2,"3":2,"4":2,"5":2,"6":2,"7":2,"8":1,"9":2,"10":2,"11":2,"12":2,"13":1,"14":1,"15":1,"16":1},"b":{"1":[2,1,1,1],"2":[1,1,1,1],"3":[1,1],"4":[2,2],"5":[1,1]},"f":{"1":2,"2":2,"3":2},"fnMap":{"1":{"name":"(anonymous_1)","line":12,"loc":{"start":{"line":12,"column":1},"end":{"line":12,"column":13}}},"2":{"name":"(anonymous_2)","line":19,"loc":{"start":{"line":19,"column":5},"end":{"line":19,"column":17}}},"3":{"name":"(anonymous_3)","line":23,"loc":{"start":{"line":23,"column":24},"end":{"line":23,"column":36}}}},"statementMap":{"1":{"start":{"line":12,"column":0},"end":{"line":53,"column":5}},"2":{"start":{"line":14,"column":4},"end":{"line":14,"column":14}},"3":{"start":{"line":19,"column":4},"end":{"line":52,"column":9}},"4":{"start":{"line":21,"column":8},"end":{"line":21,"column":19}},"5":{"start":{"line":23,"column":8},"end":{"line":35,"column":13}},"6":{"start":{"line":24,"column":12},"end":{"line":34,"column":13}},"7":{"start":{"line":25,"column":16},"end":{"line":28,"column":30}},"8":{"start":{"line":30,"column":16},"end":{"line":33,"column":27}},"9":{"start":{"line":37,"column":8},"end":{"line":39,"column":21}},"10":{"start":{"line":41,"column":8},"end":{"line":41,"column":54}},"11":{"start":{"line":43,"column":8},"end":{"line":43,"column":52}},"12":{"start":{"line":45,"column":8},"end":{"line":51,"column":9}},"13":{"start":{"line":46,"column":12},"end":{"line":46,"column":58}},"14":{"start":{"line":48,"column":12},"end":{"line":48,"column":35}},"15":{"start":{"line":49,"column":12},"end":{"line":49,"column":49}},"16":{"start":{"line":50,"column":12},"end":{"line":50,"column":43}}},"branchMap":{"1":{"line":25,"type":"binary-expr","locations":[{"start":{"line":25,"column":23},"end":{"line":25,"column":62}},{"start":{"line":26,"column":20},"end":{"line":26,"column":70}},{"start":{"line":27,"column":20},"end":{"line":27,"column":71}},{"start":{"line":28,"column":20},"end":{"line":28,"column":29}}]},"2":{"line":30,"type":"binary-expr","locations":[{"start":{"line":30,"column":23},"end":{"line":30,"column":37}},{"start":{"line":31,"column":20},"end":{"line":31,"column":61}},{"start":{"line":32,"column":20},"end":{"line":32,"column":70}},{"start":{"line":33,"column":20},"end":{"line":33,"column":26}}]},"3":{"line":37,"type":"cond-expr","locations":[{"start":{"line":38,"column":14},"end":{"line":38,"column":20}},{"start":{"line":39,"column":14},"end":{"line":39,"column":20}}]},"4":{"line":41,"type":"binary-expr","locations":[{"start":{"line":41,"column":16},"end":{"line":41,"column":44}},{"start":{"line":41,"column":48},"end":{"line":41,"column":53}}]},"5":{"line":45,"type":"if","locations":[{"start":{"line":45,"column":8},"end":{"line":45,"column":8}},{"start":{"line":45,"column":8},"end":{"line":45,"column":8}}]}},"code":["/* istanbul instrument in package npmtest_numeral */","/*jslint","    bitwise: true,","    browser: true,","    maxerr: 8,","    maxlen: 96,","    node: true,","    nomen: true,","    regexp: true,","    stupid: true","*/","(function () {","    'use strict';","    var local;","","","","    // run shared js-env code - init-before","    (function () {","        // init local","        local = {};","        // init modeJs","        local.modeJs = (function () {","            try {","                return typeof navigator.userAgent === 'string' &&","                    typeof document.querySelector('body') === 'object' &&","                    typeof XMLHttpRequest.prototype.open === 'function' &&","                    'browser';","            } catch (errorCaughtBrowser) {","                return module.exports &&","                    typeof process.versions.node === 'string' &&","                    typeof require('http').createServer === 'function' &&","                    'node';","            }","        }());","        // init global","        local.global = local.modeJs === 'browser'","            ? window","            : global;","        // init utility2_rollup","        local = local.global.utility2_rollup || local;","        // init lib","        local.local = local.npmtest_numeral = local;","        // init exports","        if (local.modeJs === 'browser') {","            local.global.utility2_npmtest_numeral = local;","        } else {","            module.exports = local;","            module.exports.__dirname = __dirname;","            module.exports.module = module;","        }","    }());","}());",""],"l":{"12":2,"14":2,"19":2,"21":2,"23":2,"24":2,"25":2,"30":1,"37":2,"41":2,"43":2,"45":2,"46":1,"48":1,"49":1,"50":1}},"/home/travis/build/npmtest/node-npmtest-numeral/example.js":{"path":"/home/travis/build/npmtest/node-npmtest-numeral/example.js","s":{"1":2,"2":2,"3":2,"4":2,"5":2,"6":2,"7":2,"8":1,"9":2,"10":2,"11":2,"12":2,"13":1,"14":2,"15":2,"16":2,"17":2,"18":2,"19":0,"20":2,"21":1,"22":1,"23":1,"24":1,"25":1,"26":0,"27":0,"28":1,"29":1,"30":2,"31":0,"32":0,"33":0,"34":1,"35":2,"36":2,"37":3,"38":3,"39":3,"40":3,"41":0,"42":3,"43":3,"44":3,"45":1,"46":3,"47":1,"48":1,"49":1,"50":1,"51":1,"52":1,"53":1,"54":1,"55":1,"56":1,"57":0,"58":1,"59":6,"60":6,"61":1,"62":2,"63":0,"64":2,"65":1,"66":1,"67":0,"68":0,"69":0,"70":0,"71":0,"72":0,"73":0,"74":0,"75":0,"76":0,"77":0,"78":0,"79":0,"80":0,"81":0,"82":0,"83":0},"b":{"1":[2,1,1,1],"2":[1,1,1,1],"3":[1,1],"4":[2,2],"5":[1,1],"6":[1,1],"7":[2,0],"8":[2,1,1,1,1,1],"9":[0,2,0],"10":[1,1],"11":[2,1,1],"12":[1,0],"13":[0,2],"14":[2,0,0,0,0,0,0],"15":[0,3],"16":[3,0],"17":[1,1],"18":[0,1],"19":[1,2,0,2],"20":[1,0],"21":[1,1],"22":[0,0],"23":[0,0],"24":[0,0],"25":[0,0],"26":[0,0],"27":[0,0],"28":[0,0]},"f":{"1":2,"2":2,"3":2,"4":2,"5":2,"6":2,"7":3,"8":3,"9":3,"10":1,"11":6,"12":0},"fnMap":{"1":{"name":"(anonymous_1)","line":26,"loc":{"start":{"line":26,"column":1},"end":{"line":26,"column":13}}},"2":{"name":"(anonymous_2)","line":33,"loc":{"start":{"line":33,"column":5},"end":{"line":33,"column":17}}},"3":{"name":"(anonymous_3)","line":37,"loc":{"start":{"line":37,"column":24},"end":{"line":37,"column":36}}},"4":{"name":"(anonymous_4)","line":69,"loc":{"start":{"line":69,"column":31},"end":{"line":69,"column":48}},"skip":true},"5":{"name":"(anonymous_5)","line":78,"loc":{"start":{"line":78,"column":26},"end":{"line":78,"column":45}},"skip":true},"6":{"name":"(anonymous_6)","line":123,"loc":{"start":{"line":123,"column":33},"end":{"line":123,"column":48}},"skip":true},"7":{"name":"(anonymous_7)","line":125,"loc":{"start":{"line":125,"column":27},"end":{"line":125,"column":39}},"skip":true},"8":{"name":"(anonymous_8)","line":133,"loc":{"start":{"line":133,"column":59},"end":{"line":133,"column":74}},"skip":true},"9":{"name":"(anonymous_9)","line":143,"loc":{"start":{"line":143,"column":45},"end":{"line":143,"column":62}},"skip":true},"10":{"name":"(anonymous_10)","line":144,"loc":{"start":{"line":144,"column":73},"end":{"line":144,"column":92}},"skip":true},"11":{"name":"(anonymous_11)","line":272,"loc":{"start":{"line":272,"column":51},"end":{"line":272,"column":77}},"skip":true},"12":{"name":"(anonymous_12)","line":315,"loc":{"start":{"line":315,"column":32},"end":{"line":315,"column":61}},"skip":true}},"statementMap":{"1":{"start":{"line":26,"column":0},"end":{"line":326,"column":5}},"2":{"start":{"line":28,"column":4},"end":{"line":28,"column":14}},"3":{"start":{"line":33,"column":4},"end":{"line":60,"column":9}},"4":{"start":{"line":35,"column":8},"end":{"line":35,"column":19}},"5":{"start":{"line":37,"column":8},"end":{"line":49,"column":13}},"6":{"start":{"line":38,"column":12},"end":{"line":48,"column":13}},"7":{"start":{"line":39,"column":16},"end":{"line":42,"column":30}},"8":{"start":{"line":44,"column":16},"end":{"line":47,"column":27}},"9":{"start":{"line":51,"column":8},"end":{"line":53,"column":21}},"10":{"start":{"line":55,"column":8},"end":{"line":57,"column":45}},"11":{"start":{"line":59,"column":8},"end":{"line":59,"column":35}},"12":{"start":{"line":61,"column":4},"end":{"line":325,"column":5}},"13":{"start":{"line":69,"column":8},"end":{"line":121,"column":10},"skip":true},"14":{"start":{"line":70,"column":12},"end":{"line":88,"column":13},"skip":true},"15":{"start":{"line":76,"column":16},"end":{"line":87,"column":19},"skip":true},"16":{"start":{"line":79,"column":20},"end":{"line":86,"column":21},"skip":true},"17":{"start":{"line":82,"column":24},"end":{"line":82,"column":43},"skip":true},"18":{"start":{"line":83,"column":24},"end":{"line":83,"column":30},"skip":true},"19":{"start":{"line":85,"column":24},"end":{"line":85,"column":49},"skip":true},"20":{"start":{"line":89,"column":12},"end":{"line":107,"column":13},"skip":true},"21":{"start":{"line":92,"column":16},"end":{"line":102,"column":17},"skip":true},"22":{"start":{"line":93,"column":20},"end":{"line":93,"column":86},"skip":true},"23":{"start":{"line":94,"column":20},"end":{"line":95,"column":45},"skip":true},"24":{"start":{"line":96,"column":20},"end":{"line":96,"column":42},"skip":true},"25":{"start":{"line":97,"column":20},"end":{"line":97,"column":48},"skip":true},"26":{"start":{"line":100,"column":20},"end":{"line":100,"column":85},"skip":true},"27":{"start":{"line":101,"column":20},"end":{"line":101,"column":96},"skip":true},"28":{"start":{"line":103,"column":16},"end":{"line":103,"column":22},"skip":true},"29":{"start":{"line":106,"column":16},"end":{"line":106,"column":22},"skip":true},"30":{"start":{"line":108,"column":12},"end":{"line":120,"column":13},"skip":true},"31":{"start":{"line":114,"column":16},"end":{"line":119,"column":17},"skip":true},"32":{"start":{"line":116,"column":20},"end":{"line":116,"column":78},"skip":true},"33":{"start":{"line":118,"column":20},"end":{"line":118,"column":47},"skip":true},"34":{"start":{"line":123,"column":8},"end":{"line":141,"column":11},"skip":true},"35":{"start":{"line":124,"column":12},"end":{"line":124,"column":54},"skip":true},"36":{"start":{"line":125,"column":12},"end":{"line":140,"column":14},"skip":true},"37":{"start":{"line":126,"column":16},"end":{"line":126,"column":28},"skip":true},"38":{"start":{"line":127,"column":16},"end":{"line":127,"column":69},"skip":true},"39":{"start":{"line":128,"column":16},"end":{"line":128,"column":75},"skip":true},"40":{"start":{"line":129,"column":16},"end":{"line":131,"column":17},"skip":true},"41":{"start":{"line":130,"column":20},"end":{"line":130,"column":27},"skip":true},"42":{"start":{"line":133,"column":16},"end":{"line":137,"column":36},"skip":true},"43":{"start":{"line":134,"column":20},"end":{"line":136,"column":55},"skip":true},"44":{"start":{"line":139,"column":16},"end":{"line":139,"column":57},"skip":true},"45":{"start":{"line":143,"column":8},"end":{"line":147,"column":11},"skip":true},"46":{"start":{"line":144,"column":12},"end":{"line":146,"column":15},"skip":true},"47":{"start":{"line":145,"column":16},"end":{"line":145,"column":70},"skip":true},"48":{"start":{"line":149,"column":8},"end":{"line":149,"column":31},"skip":true},"49":{"start":{"line":150,"column":8},"end":{"line":150,"column":14},"skip":true},"50":{"start":{"line":158,"column":8},"end":{"line":158,"column":31},"skip":true},"51":{"start":{"line":160,"column":8},"end":{"line":160,"column":33},"skip":true},"52":{"start":{"line":161,"column":8},"end":{"line":161,"column":37},"skip":true},"53":{"start":{"line":162,"column":8},"end":{"line":162,"column":35},"skip":true},"54":{"start":{"line":164,"column":8},"end":{"line":164,"column":50},"skip":true},"55":{"start":{"line":166,"column":8},"end":{"line":256,"column":2},"skip":true},"56":{"start":{"line":258,"column":8},"end":{"line":286,"column":9},"skip":true},"57":{"start":{"line":259,"column":12},"end":{"line":269,"column":14},"skip":true},"58":{"start":{"line":271,"column":12},"end":{"line":285,"column":19},"skip":true},"59":{"start":{"line":274,"column":20},"end":{"line":274,"column":35},"skip":true},"60":{"start":{"line":275,"column":20},"end":{"line":284,"column":21},"skip":true},"61":{"start":{"line":277,"column":24},"end":{"line":277,"column":64},"skip":true},"62":{"start":{"line":279,"column":24},"end":{"line":279,"column":40},"skip":true},"63":{"start":{"line":281,"column":24},"end":{"line":281,"column":40},"skip":true},"64":{"start":{"line":283,"column":24},"end":{"line":283,"column":39},"skip":true},"65":{"start":{"line":288,"column":8},"end":{"line":290,"column":9},"skip":true},"66":{"start":{"line":289,"column":12},"end":{"line":289,"column":18},"skip":true},"67":{"start":{"line":291,"column":8},"end":{"line":293,"column":54},"skip":true},"68":{"start":{"line":296,"column":8},"end":{"line":301,"column":37},"skip":true},"69":{"start":{"line":303,"column":8},"end":{"line":303,"column":82},"skip":true},"70":{"start":{"line":306,"column":8},"end":{"line":308,"column":9},"skip":true},"71":{"start":{"line":307,"column":12},"end":{"line":307,"column":82},"skip":true},"72":{"start":{"line":310,"column":8},"end":{"line":312,"column":9},"skip":true},"73":{"start":{"line":311,"column":12},"end":{"line":311,"column":18},"skip":true},"74":{"start":{"line":313,"column":8},"end":{"line":313,"column":54},"skip":true},"75":{"start":{"line":314,"column":8},"end":{"line":314,"column":69},"skip":true},"76":{"start":{"line":315,"column":8},"end":{"line":323,"column":36},"skip":true},"77":{"start":{"line":316,"column":12},"end":{"line":316,"column":61},"skip":true},"78":{"start":{"line":317,"column":12},"end":{"line":320,"column":13},"skip":true},"79":{"start":{"line":318,"column":16},"end":{"line":318,"column":75},"skip":true},"80":{"start":{"line":319,"column":16},"end":{"line":319,"column":23},"skip":true},"81":{"start":{"line":321,"column":12},"end":{"line":321,"column":38},"skip":true},"82":{"start":{"line":322,"column":12},"end":{"line":322,"column":27},"skip":true},"83":{"start":{"line":324,"column":8},"end":{"line":324,"column":14},"skip":true}},"branchMap":{"1":{"line":39,"type":"binary-expr","locations":[{"start":{"line":39,"column":23},"end":{"line":39,"column":62}},{"start":{"line":40,"column":20},"end":{"line":40,"column":70}},{"start":{"line":41,"column":20},"end":{"line":41,"column":71}},{"start":{"line":42,"column":20},"end":{"line":42,"column":29}}]},"2":{"line":44,"type":"binary-expr","locations":[{"start":{"line":44,"column":23},"end":{"line":44,"column":37}},{"start":{"line":45,"column":20},"end":{"line":45,"column":61}},{"start":{"line":46,"column":20},"end":{"line":46,"column":70}},{"start":{"line":47,"column":20},"end":{"line":47,"column":26}}]},"3":{"line":51,"type":"cond-expr","locations":[{"start":{"line":52,"column":14},"end":{"line":52,"column":20}},{"start":{"line":53,"column":14},"end":{"line":53,"column":20}}]},"4":{"line":55,"type":"binary-expr","locations":[{"start":{"line":55,"column":16},"end":{"line":55,"column":44}},{"start":{"line":55,"column":49},"end":{"line":57,"column":43}}]},"5":{"line":55,"type":"cond-expr","locations":[{"start":{"line":56,"column":14},"end":{"line":56,"column":51}},{"start":{"line":57,"column":14},"end":{"line":57,"column":43}}]},"6":{"line":61,"type":"switch","locations":[{"start":{"line":68,"column":4},"end":{"line":150,"column":14},"skip":true},{"start":{"line":156,"column":4},"end":{"line":324,"column":14},"skip":true}]},"7":{"line":70,"type":"if","locations":[{"start":{"line":70,"column":12},"end":{"line":70,"column":12},"skip":true},{"start":{"line":70,"column":12},"end":{"line":70,"column":12},"skip":true}]},"8":{"line":70,"type":"binary-expr","locations":[{"start":{"line":70,"column":16},"end":{"line":70,"column":22},"skip":true},{"start":{"line":70,"column":27},"end":{"line":70,"column":32},"skip":true},{"start":{"line":71,"column":20},"end":{"line":71,"column":39},"skip":true},{"start":{"line":72,"column":20},"end":{"line":72,"column":49},"skip":true},{"start":{"line":73,"column":20},"end":{"line":73,"column":58},"skip":true},{"start":{"line":74,"column":20},"end":{"line":74,"column":69},"skip":true}]},"9":{"line":79,"type":"switch","locations":[{"start":{"line":80,"column":20},"end":{"line":80,"column":33},"skip":true},{"start":{"line":81,"column":20},"end":{"line":83,"column":30},"skip":true},{"start":{"line":84,"column":20},"end":{"line":85,"column":49},"skip":true}]},"10":{"line":89,"type":"switch","locations":[{"start":{"line":90,"column":12},"end":{"line":103,"column":22},"skip":true},{"start":{"line":105,"column":12},"end":{"line":106,"column":22},"skip":true}]},"11":{"line":89,"type":"binary-expr","locations":[{"start":{"line":89,"column":20},"end":{"line":89,"column":25},"skip":true},{"start":{"line":89,"column":29},"end":{"line":89,"column":48},"skip":true},{"start":{"line":89,"column":52},"end":{"line":89,"column":74},"skip":true}]},"12":{"line":92,"type":"if","locations":[{"start":{"line":92,"column":16},"end":{"line":92,"column":16},"skip":true},{"start":{"line":92,"column":16},"end":{"line":92,"column":16},"skip":true}]},"13":{"line":108,"type":"if","locations":[{"start":{"line":108,"column":12},"end":{"line":108,"column":12},"skip":true},{"start":{"line":108,"column":12},"end":{"line":108,"column":12},"skip":true}]},"14":{"line":108,"type":"binary-expr","locations":[{"start":{"line":108,"column":16},"end":{"line":108,"column":61},"skip":true},{"start":{"line":108,"column":66},"end":{"line":108,"column":72},"skip":true},{"start":{"line":108,"column":77},"end":{"line":108,"column":82},"skip":true},{"start":{"line":109,"column":20},"end":{"line":109,"column":39},"skip":true},{"start":{"line":110,"column":20},"end":{"line":110,"column":49},"skip":true},{"start":{"line":111,"column":20},"end":{"line":111,"column":58},"skip":true},{"start":{"line":112,"column":20},"end":{"line":112,"column":68},"skip":true}]},"15":{"line":129,"type":"if","locations":[{"start":{"line":129,"column":16},"end":{"line":129,"column":16},"skip":true},{"start":{"line":129,"column":16},"end":{"line":129,"column":16},"skip":true}]},"16":{"line":134,"type":"cond-expr","locations":[{"start":{"line":135,"column":26},"end":{"line":135,"column":29},"skip":true},{"start":{"line":136,"column":26},"end":{"line":136,"column":54},"skip":true}]},"17":{"line":164,"type":"binary-expr","locations":[{"start":{"line":164,"column":27},"end":{"line":164,"column":43},"skip":true},{"start":{"line":164,"column":47},"end":{"line":164,"column":49},"skip":true}]},"18":{"line":258,"type":"if","locations":[{"start":{"line":258,"column":8},"end":{"line":258,"column":8},"skip":true},{"start":{"line":258,"column":8},"end":{"line":258,"column":8},"skip":true}]},"19":{"line":275,"type":"switch","locations":[{"start":{"line":276,"column":20},"end":{"line":277,"column":64},"skip":true},{"start":{"line":278,"column":20},"end":{"line":279,"column":40},"skip":true},{"start":{"line":280,"column":20},"end":{"line":281,"column":40},"skip":true},{"start":{"line":282,"column":20},"end":{"line":283,"column":39},"skip":true}]},"20":{"line":288,"type":"if","locations":[{"start":{"line":288,"column":8},"end":{"line":288,"column":8},"skip":true},{"start":{"line":288,"column":8},"end":{"line":288,"column":8},"skip":true}]},"21":{"line":288,"type":"binary-expr","locations":[{"start":{"line":288,"column":12},"end":{"line":288,"column":40},"skip":true},{"start":{"line":288,"column":44},"end":{"line":288,"column":67},"skip":true}]},"22":{"line":292,"type":"binary-expr","locations":[{"start":{"line":292,"column":12},"end":{"line":292,"column":50},"skip":true},{"start":{"line":293,"column":12},"end":{"line":293,"column":53},"skip":true}]},"23":{"line":297,"type":"binary-expr","locations":[{"start":{"line":297,"column":12},"end":{"line":297,"column":65},"skip":true},{"start":{"line":298,"column":12},"end":{"line":301,"column":36},"skip":true}]},"24":{"line":303,"type":"binary-expr","locations":[{"start":{"line":303,"column":43},"end":{"line":303,"column":75},"skip":true},{"start":{"line":303,"column":79},"end":{"line":303,"column":81},"skip":true}]},"25":{"line":306,"type":"if","locations":[{"start":{"line":306,"column":8},"end":{"line":306,"column":8},"skip":true},{"start":{"line":306,"column":8},"end":{"line":306,"column":8},"skip":true}]},"26":{"line":310,"type":"if","locations":[{"start":{"line":310,"column":8},"end":{"line":310,"column":8},"skip":true},{"start":{"line":310,"column":8},"end":{"line":310,"column":8},"skip":true}]},"27":{"line":313,"type":"binary-expr","locations":[{"start":{"line":313,"column":27},"end":{"line":313,"column":43},"skip":true},{"start":{"line":313,"column":47},"end":{"line":313,"column":53},"skip":true}]},"28":{"line":317,"type":"if","locations":[{"start":{"line":317,"column":12},"end":{"line":317,"column":12},"skip":true},{"start":{"line":317,"column":12},"end":{"line":317,"column":12},"skip":true}]}},"code":["/*","example.js","","quickstart example","","instruction","    1. save this script as example.js","    2. run the shell command:","        $ npm install npmtest-numeral && PORT=8081 node example.js","    3. play with the browser-demo on http://127.0.0.1:8081","*/","","","","/* istanbul instrument in package npmtest_numeral */","/*jslint","    bitwise: true,","    browser: true,","    maxerr: 8,","    maxlen: 96,","    node: true,","    nomen: true,","    regexp: true,","    stupid: true","*/","(function () {","    'use strict';","    var local;","","","","    // run shared js-env code - init-before","    (function () {","        // init local","        local = {};","        // init modeJs","        local.modeJs = (function () {","            try {","                return typeof navigator.userAgent === 'string' &&","                    typeof document.querySelector('body') === 'object' &&","                    typeof XMLHttpRequest.prototype.open === 'function' &&","                    'browser';","            } catch (errorCaughtBrowser) {","                return module.exports &&","                    typeof process.versions.node === 'string' &&","                    typeof require('http').createServer === 'function' &&","                    'node';","            }","        }());","        // init global","        local.global = local.modeJs === 'browser'","            ? window","            : global;","        // init utility2_rollup","        local = local.global.utility2_rollup || (local.modeJs === 'browser'","            ? local.global.utility2_npmtest_numeral","            : global.utility2_moduleExports);","        // export local","        local.global.local = local;","    }());","    switch (local.modeJs) {","","","","    // init-after","    // run browser js-env code - init-after","    /* istanbul ignore next */","    case 'browser':","        local.testRunBrowser = function (event) {","            if (!event || (event &&","                    event.currentTarget &&","                    event.currentTarget.className &&","                    event.currentTarget.className.includes &&","                    event.currentTarget.className.includes('onreset'))) {","                // reset output","                Array.from(","                    document.querySelectorAll('body > .resettable')","                ).forEach(function (element) {","                    switch (element.tagName) {","                    case 'INPUT':","                    case 'TEXTAREA':","                        element.value = '';","                        break;","                    default:","                        element.textContent = '';","                    }","                });","            }","            switch (event && event.currentTarget && event.currentTarget.id) {","            case 'testRunButton1':","                // show tests","                if (document.querySelector('#testReportDiv1').style.display === 'none') {","                    document.querySelector('#testReportDiv1').style.display = 'block';","                    document.querySelector('#testRunButton1').textContent =","                        'hide internal test';","                    local.modeTest = true;","                    local.testRunDefault(local);","                // hide tests","                } else {","                    document.querySelector('#testReportDiv1').style.display = 'none';","                    document.querySelector('#testRunButton1').textContent = 'run internal test';","                }","                break;","            // custom-case","            default:","                break;","            }","            if (document.querySelector('#inputTextareaEval1') && (!event || (event &&","                    event.currentTarget &&","                    event.currentTarget.className &&","                    event.currentTarget.className.includes &&","                    event.currentTarget.className.includes('oneval')))) {","                // try to eval input-code","                try {","                    /*jslint evil: true*/","                    eval(document.querySelector('#inputTextareaEval1').value);","                } catch (errorCaught) {","                    console.error(errorCaught);","                }","            }","        };","        // log stderr and stdout to #outputTextareaStdout1","        ['error', 'log'].forEach(function (key) {","            console[key + '_original'] = console[key];","            console[key] = function () {","                var element;","                console[key + '_original'].apply(console, arguments);","                element = document.querySelector('#outputTextareaStdout1');","                if (!element) {","                    return;","                }","                // append text to #outputTextareaStdout1","                element.value += Array.from(arguments).map(function (arg) {","                    return typeof arg === 'string'","                        ? arg","                        : JSON.stringify(arg, null, 4);","                }).join(' ') + '\\n';","                // scroll textarea to bottom","                element.scrollTop = element.scrollHeight;","            };","        });","        // init event-handling","        ['change', 'click', 'keyup'].forEach(function (event) {","            Array.from(document.querySelectorAll('.on' + event)).forEach(function (element) {","                element.addEventListener(event, local.testRunBrowser);","            });","        });","        // run tests","        local.testRunBrowser();","        break;","","","","    // run node js-env code - init-after","    /* istanbul ignore next */","    case 'node':","        // export local","        module.exports = local;","        // require modules","        local.fs = require('fs');","        local.http = require('http');","        local.url = require('url');","        // init assets","        local.assetsDict = local.assetsDict || {};","        /* jslint-ignore-begin */","        local.assetsDict['/assets.index.template.html'] = '\\","<!doctype html>\\n\\","<html lang=\"en\">\\n\\","<head>\\n\\","<meta charset=\"UTF-8\">\\n\\","<meta name=\"viewport\" content=\"width=device-width, initial-scale=1\">\\n\\","<title>{{env.npm_package_name}} (v{{env.npm_package_version}})</title>\\n\\","<style>\\n\\","/*csslint\\n\\","    box-sizing: false,\\n\\","    universal-selector: false\\n\\","*/\\n\\","* {\\n\\","    box-sizing: border-box;\\n\\","}\\n\\","body {\\n\\","    background: #dde;\\n\\","    font-family: Arial, Helvetica, sans-serif;\\n\\","    margin: 2rem;\\n\\","}\\n\\","body > * {\\n\\","    margin-bottom: 1rem;\\n\\","}\\n\\",".utility2FooterDiv {\\n\\","    margin-top: 20px;\\n\\","    text-align: center;\\n\\","}\\n\\","</style>\\n\\","<style>\\n\\","/*csslint\\n\\","*/\\n\\","textarea {\\n\\","    font-family: monospace;\\n\\","    height: 10rem;\\n\\","    width: 100%;\\n\\","}\\n\\","textarea[readonly] {\\n\\","    background: #ddd;\\n\\","}\\n\\","</style>\\n\\","</head>\\n\\","<body>\\n\\","<!-- utility2-comment\\n\\","<div id=\"ajaxProgressDiv1\" style=\"background: #d00; height: 2px; left: 0; margin: 0; padding: 0; position: fixed; top: 0; transition: background 0.5s, width 1.5s; width: 25%;\"></div>\\n\\","utility2-comment -->\\n\\","<h1>\\n\\","<!-- utility2-comment\\n\\","    <a\\n\\","        {{#if env.npm_package_homepage}}\\n\\","        href=\"{{env.npm_package_homepage}}\"\\n\\","        {{/if env.npm_package_homepage}}\\n\\","        target=\"_blank\"\\n\\","    >\\n\\","utility2-comment -->\\n\\","        {{env.npm_package_name}} (v{{env.npm_package_version}})\\n\\","<!-- utility2-comment\\n\\","    </a>\\n\\","utility2-comment -->\\n\\","</h1>\\n\\","<h3>{{env.npm_package_description}}</h3>\\n\\","<!-- utility2-comment\\n\\","<h4><a download href=\"assets.app.js\">download standalone app</a></h4>\\n\\","<button class=\"onclick onreset\" id=\"testRunButton1\">run internal test</button><br>\\n\\","<div id=\"testReportDiv1\" style=\"display: none;\"></div>\\n\\","utility2-comment -->\\n\\","\\n\\","\\n\\","\\n\\","<label>stderr and stdout</label>\\n\\","<textarea class=\"resettable\" id=\"outputTextareaStdout1\" readonly></textarea>\\n\\","<!-- utility2-comment\\n\\","{{#if isRollup}}\\n\\","<script src=\"assets.app.js\"></script>\\n\\","{{#unless isRollup}}\\n\\","utility2-comment -->\\n\\","<script src=\"assets.utility2.rollup.js\"></script>\\n\\","<script src=\"jsonp.utility2._stateInit?callback=window.utility2._stateInit\"></script>\\n\\","<script src=\"assets.npmtest_numeral.rollup.js\"></script>\\n\\","<script src=\"assets.example.js\"></script>\\n\\","<script src=\"assets.test.js\"></script>\\n\\","<!-- utility2-comment\\n\\","{{/if isRollup}}\\n\\","utility2-comment -->\\n\\","<div class=\"utility2FooterDiv\">\\n\\","    [ this app was created with\\n\\","    <a href=\"https://github.com/kaizhu256/node-utility2\" target=\"_blank\">utility2</a>\\n\\","    ]\\n\\","</div>\\n\\","</body>\\n\\","</html>\\n\\","';","        /* jslint-ignore-end */","        if (local.templateRender) {","            local.assetsDict['/'] = local.templateRender(","                local.assetsDict['/assets.index.template.html'],","                {","                    env: local.objectSetDefault(local.env, {","                        npm_package_description: 'the greatest app in the world!',","                        npm_package_name: 'my-app',","                        npm_package_nameAlias: 'my_app',","                        npm_package_version: '0.0.1'","                    })","                }","            );","        } else {","            local.assetsDict['/'] = local.assetsDict['/assets.index.template.html']","                .replace((/\\{\\{env\\.(\\w+?)\\}\\}/g), function (match0, match1) {","                    // jslint-hack","                    String(match0);","                    switch (match1) {","                    case 'npm_package_description':","                        return 'the greatest app in the world!';","                    case 'npm_package_name':","                        return 'my-app';","                    case 'npm_package_nameAlias':","                        return 'my_app';","                    case 'npm_package_version':","                        return '0.0.1';","                    }","                });","        }","        // run the cli","        if (local.global.utility2_rollup || module !== require.main) {","            break;","        }","        local.assetsDict['/assets.example.js'] =","            local.assetsDict['/assets.example.js'] ||","            local.fs.readFileSync(__filename, 'utf8');","        // bug-workaround - long $npm_package_buildCustomOrg","        /* jslint-ignore-begin */","        local.assetsDict['/assets.npmtest_numeral.rollup.js'] =","            local.assetsDict['/assets.npmtest_numeral.rollup.js'] ||","            local.fs.readFileSync(","                local.npmtest_numeral.__dirname + '/lib.npmtest_numeral.js',","                'utf8'","            ).replace((/^#!/), '//');","        /* jslint-ignore-end */","        local.assetsDict['/favicon.ico'] = local.assetsDict['/favicon.ico'] || '';","        // if $npm_config_timeout_exit exists,","        // then exit this process after $npm_config_timeout_exit ms","        if (Number(process.env.npm_config_timeout_exit)) {","            setTimeout(process.exit, Number(process.env.npm_config_timeout_exit));","        }","        // start server","        if (local.global.utility2_serverHttp1) {","            break;","        }","        process.env.PORT = process.env.PORT || '8081';","        console.error('server starting on port ' + process.env.PORT);","        local.http.createServer(function (request, response) {","            request.urlParsed = local.url.parse(request.url);","            if (local.assetsDict[request.urlParsed.pathname] !== undefined) {","                response.end(local.assetsDict[request.urlParsed.pathname]);","                return;","            }","            response.statusCode = 404;","            response.end();","        }).listen(process.env.PORT);","        break;","    }","}());",""],"l":{"26":2,"28":2,"33":2,"35":2,"37":2,"38":2,"39":2,"44":1,"51":2,"55":2,"59":2,"61":2,"69":1,"70":2,"76":2,"79":2,"82":2,"83":2,"85":1,"89":2,"92":1,"93":1,"94":1,"96":1,"97":1,"100":1,"101":1,"103":1,"106":1,"108":2,"114":1,"116":1,"118":1,"123":1,"124":2,"125":2,"126":3,"127":3,"128":3,"129":3,"130":1,"133":3,"134":3,"139":3,"143":1,"144":3,"145":1,"149":1,"150":1,"158":1,"160":1,"161":1,"162":1,"164":1,"166":1,"258":1,"259":1,"271":1,"274":6,"275":6,"277":1,"279":2,"281":1,"283":2,"288":1,"289":1,"291":1,"296":1,"303":1,"306":1,"307":1,"310":1,"311":1,"313":1,"314":1,"315":1,"316":1,"317":1,"318":1,"319":1,"321":1,"322":1,"324":1}},"/home/travis/build/npmtest/node-npmtest-numeral/node_modules/numeral/numeral.js":{"path":"/home/travis/build/npmtest/node-npmtest-numeral/node_modules/numeral/numeral.js","s":{"1":1,"2":1,"3":0,"4":1,"5":1,"6":0,"7":1,"8":1,"9":0,"10":0,"11":1,"12":0,"13":0,"14":0,"15":0,"16":0,"17":0,"18":0,"19":0,"20":0,"21":0,"22":0,"23":0,"24":0,"25":0,"26":0,"27":0,"28":0,"29":0,"30":0,"31":0,"32":0,"33":1,"34":1,"35":0,"36":1,"37":0,"38":0,"39":0,"40":0,"41":0,"42":0,"43":0,"44":0,"45":0,"46":0,"47":0,"48":0,"49":0,"50":0,"51":0,"52":0,"53":0,"54":0,"55":0,"56":0,"57":0,"58":0,"59":0,"60":0,"61":0,"62":0,"63":0,"64":0,"65":0,"66":0,"67":0,"68":0,"69":0,"70":0,"71":0,"72":0,"73":0,"74":0,"75":0,"76":0,"77":0,"78":0,"79":0,"80":0,"81":0,"82":0,"83":0,"84":0,"85":0,"86":0,"87":0,"88":0,"89":0,"90":0,"91":0,"92":0,"93":0,"94":0,"95":0,"96":0,"97":0,"98":0,"99":0,"100":0,"101":0,"102":0,"103":0,"104":0,"105":0,"106":0,"107":0,"108":0,"109":0,"110":0,"111":0,"112":0,"113":0,"114":0,"115":0,"116":0,"117":0,"118":0,"119":0,"120":0,"121":0,"122":0,"123":0,"124":0,"125":0,"126":0,"127":0,"128":0,"129":0,"130":0,"131":0,"132":0,"133":0,"134":0,"135":0,"136":0,"137":0,"138":0,"139":0,"140":0,"141":0,"142":0,"143":0,"144":0,"145":0,"146":0,"147":0,"148":0,"149":0,"150":0,"151":0,"152":0,"153":0,"154":0,"155":0,"156":0,"157":0,"158":0,"159":0,"160":0,"161":0,"162":0,"163":1,"164":1,"165":1,"166":1,"167":0,"168":0,"169":0,"170":1,"171":0,"172":0,"173":0,"174":0,"175":0,"176":0,"177":1,"178":0,"179":0,"180":1,"181":0,"182":1,"183":0,"184":1,"185":0,"186":1,"187":110,"188":110,"189":68,"190":42,"191":42,"192":1,"193":0,"194":0,"195":0,"196":0,"197":0,"198":0,"199":0,"200":0,"201":0,"202":0,"203":0,"204":0,"205":0,"206":0,"207":0,"208":0,"209":0,"210":0,"211":0,"212":0,"213":0,"214":0,"215":0,"216":0,"217":0,"218":0,"219":0,"220":0,"221":0,"222":0,"223":0,"224":0,"225":0,"226":0,"227":0,"228":0,"229":0,"230":0,"231":0,"232":0,"233":1,"234":0,"235":0,"236":0,"237":0,"238":0,"239":0,"240":0,"241":0,"242":0,"243":0,"244":0,"245":0,"246":0,"247":0,"248":0,"249":0,"250":0,"251":0,"252":0,"253":1,"254":0,"255":0,"256":0,"257":0,"258":1,"259":0,"260":0,"261":0,"262":1,"263":0,"264":0,"265":0,"266":0,"267":1,"268":0,"269":0,"270":0,"271":0,"272":0,"273":1,"274":0,"275":0,"276":1,"277":1,"278":0,"279":0,"280":0,"281":0,"282":0,"283":0,"284":0,"285":0,"286":0,"287":0,"288":0,"289":1,"290":1,"291":1,"292":9,"293":1,"294":1,"295":1,"296":0,"297":0,"298":0,"299":0,"300":0,"301":0,"302":0,"303":0,"304":0,"305":0,"306":0,"307":0,"308":0,"309":0,"310":0,"311":0,"312":0,"313":0,"314":0,"315":0,"316":0,"317":0,"318":0,"319":1,"320":1,"321":0,"322":0,"323":0,"324":0,"325":0,"326":0,"327":0,"328":0,"329":0,"330":0,"331":0,"332":0,"333":0,"334":0,"335":0,"336":0,"337":0,"338":0,"339":0,"340":0,"341":0,"342":0,"343":0,"344":1,"345":1,"346":0,"347":0,"348":0,"349":0,"350":0,"351":0,"352":1,"353":0,"354":0,"355":0,"356":1,"357":1,"358":0,"359":0,"360":0,"361":0,"362":0,"363":1,"364":1,"365":0,"366":0,"367":0,"368":0,"369":0,"370":0,"371":0,"372":0,"373":0,"374":0,"375":0,"376":0,"377":0,"378":0,"379":0,"380":1,"381":1,"382":0,"383":0,"384":0,"385":0,"386":0,"387":0,"388":0,"389":0,"390":0,"391":0,"392":0,"393":1},"b":{"1":[0,1],"2":[1,0],"3":[1,0],"4":[1,1],"5":[0,0],"6":[0,0],"7":[0,0],"8":[0,0],"9":[0,0],"10":[0,0],"11":[0,0],"12":[0,0],"13":[0,0],"14":[0,0,0],"15":[0,0],"16":[0,0],"17":[0,0],"18":[0,0],"19":[0,0],"20":[0,0],"21":[0,0],"22":[0,0],"23":[0,0],"24":[0,0],"25":[0,0],"26":[0,0],"27":[0,0],"28":[0,0],"29":[0,0],"30":[0,0,0],"31":[0,0],"32":[0,0,0,0],"33":[0,0],"34":[0,0,0,0],"35":[0,0],"36":[0,0,0,0],"37":[0,0],"38":[0,0],"39":[0,0],"40":[0,0],"41":[0,0],"42":[0,0],"43":[0,0],"44":[0,0],"45":[0,0,0,0],"46":[0,0,0],"47":[0,0],"48":[0,0],"49":[0,0],"50":[0,0],"51":[0,0],"52":[0,0],"53":[0,0],"54":[0,0],"55":[0,0],"56":[0,0],"57":[0,0],"58":[0,0],"59":[0,0],"60":[0,0],"61":[0,0],"62":[0,0],"63":[0,0],"64":[0,0],"65":[0,0,0],"66":[0,0],"67":[0,0],"68":[0,0],"69":[0,0],"70":[0,0],"71":[0,0],"72":[0,0],"73":[0,0],"74":[0,0],"75":[0,0],"76":[0,0],"77":[0,0],"78":[0,0],"79":[0,0],"80":[0,0],"81":[0,0],"82":[0,0],"83":[0,0],"84":[0,0],"85":[0,0],"86":[0,0],"87":[68,42],"88":[0,0],"89":[0,0],"90":[0,0],"91":[0,0],"92":[0,0],"93":[0,0],"94":[0,0],"95":[0,0],"96":[0,0],"97":[0,0,0,0],"98":[0,0],"99":[0,0],"100":[0,0],"101":[0,0],"102":[0,0],"103":[0,0,0],"104":[0,0,0],"105":[0,0],"106":[0,0],"107":[0,0],"108":[0,0],"109":[0,0],"110":[0,0],"111":[0,0],"112":[0,0],"113":[0,0],"114":[0,0],"115":[0,0],"116":[0,0],"117":[0,0],"118":[0,0],"119":[0,0],"120":[0,0],"121":[0,0],"122":[0,0],"123":[0,0,0,0],"124":[0,0],"125":[0,0],"126":[0,0],"127":[0,0],"128":[0,0],"129":[0,0],"130":[0,0],"131":[0,0,0],"132":[0,0],"133":[0,0],"134":[0,0],"135":[0,0],"136":[0,0],"137":[0,0],"138":[0,0],"139":[0,0],"140":[0,0],"141":[0,0],"142":[0,0],"143":[0,0],"144":[0,0],"145":[0,0],"146":[0,0],"147":[0,0],"148":[0,0]},"f":{"1":1,"2":1,"3":0,"4":0,"5":0,"6":0,"7":0,"8":0,"9":0,"10":0,"11":0,"12":0,"13":0,"14":0,"15":0,"16":0,"17":0,"18":0,"19":0,"20":0,"21":0,"22":110,"23":0,"24":0,"25":0,"26":0,"27":0,"28":0,"29":0,"30":0,"31":0,"32":0,"33":0,"34":0,"35":0,"36":0,"37":0,"38":0,"39":1,"40":0,"41":0,"42":1,"43":9,"44":0,"45":0,"46":1,"47":0,"48":1,"49":0,"50":0,"51":0,"52":1,"53":0,"54":1,"55":0,"56":0,"57":1,"58":0,"59":0},"fnMap":{"1":{"name":"(anonymous_1)","line":9,"loc":{"start":{"line":9,"column":1},"end":{"line":9,"column":28}}},"2":{"name":"(anonymous_2)","line":17,"loc":{"start":{"line":17,"column":8},"end":{"line":17,"column":20}}},"3":{"name":"Numeral","line":48,"loc":{"start":{"line":48,"column":4},"end":{"line":48,"column":36}}},"4":{"name":"(anonymous_4)","line":54,"loc":{"start":{"line":54,"column":14},"end":{"line":54,"column":30}}},"5":{"name":"(anonymous_5)","line":97,"loc":{"start":{"line":97,"column":24},"end":{"line":97,"column":38}}},"6":{"name":"(anonymous_6)","line":104,"loc":{"start":{"line":104,"column":24},"end":{"line":104,"column":66}}},"7":{"name":"(anonymous_7)","line":263,"loc":{"start":{"line":263,"column":24},"end":{"line":263,"column":41}}},"8":{"name":"(anonymous_8)","line":308,"loc":{"start":{"line":308,"column":15},"end":{"line":308,"column":31}}},"9":{"name":"(anonymous_9)","line":311,"loc":{"start":{"line":311,"column":18},"end":{"line":311,"column":43}}},"10":{"name":"(anonymous_10)","line":314,"loc":{"start":{"line":314,"column":16},"end":{"line":314,"column":51}}},"11":{"name":"(anonymous_11)","line":317,"loc":{"start":{"line":317,"column":16},"end":{"line":317,"column":61}}},"12":{"name":"(anonymous_12)","line":356,"loc":{"start":{"line":356,"column":20},"end":{"line":356,"column":33}}},"13":{"name":"(anonymous_13)","line":366,"loc":{"start":{"line":366,"column":26},"end":{"line":366,"column":38}}},"14":{"name":"(anonymous_14)","line":369,"loc":{"start":{"line":369,"column":31},"end":{"line":369,"column":53}}},"15":{"name":"(anonymous_15)","line":380,"loc":{"start":{"line":380,"column":17},"end":{"line":380,"column":75}}},"16":{"name":"(anonymous_16)","line":421,"loc":{"start":{"line":421,"column":21},"end":{"line":421,"column":35}}},"17":{"name":"(anonymous_17)","line":432,"loc":{"start":{"line":432,"column":25},"end":{"line":432,"column":39}}},"18":{"name":"(anonymous_18)","line":446,"loc":{"start":{"line":446,"column":20},"end":{"line":446,"column":31}}},"19":{"name":"(anonymous_19)","line":452,"loc":{"start":{"line":452,"column":25},"end":{"line":452,"column":42}}},"20":{"name":"(anonymous_20)","line":456,"loc":{"start":{"line":456,"column":25},"end":{"line":456,"column":43}}},"21":{"name":"(anonymous_21)","line":460,"loc":{"start":{"line":460,"column":28},"end":{"line":460,"column":45}}},"22":{"name":"(anonymous_22)","line":464,"loc":{"start":{"line":464,"column":23},"end":{"line":464,"column":52}}},"23":{"name":"(anonymous_23)","line":477,"loc":{"start":{"line":477,"column":23},"end":{"line":477,"column":46}}},"24":{"name":"(anonymous_24)","line":573,"loc":{"start":{"line":573,"column":15},"end":{"line":573,"column":26}}},"25":{"name":"(anonymous_25)","line":576,"loc":{"start":{"line":576,"column":16},"end":{"line":576,"column":56}}},"26":{"name":"(anonymous_26)","line":607,"loc":{"start":{"line":607,"column":15},"end":{"line":607,"column":26}}},"27":{"name":"(anonymous_27)","line":610,"loc":{"start":{"line":610,"column":15},"end":{"line":610,"column":26}}},"28":{"name":"(anonymous_28)","line":613,"loc":{"start":{"line":613,"column":13},"end":{"line":613,"column":29}}},"29":{"name":"(anonymous_29)","line":618,"loc":{"start":{"line":618,"column":13},"end":{"line":618,"column":29}}},"30":{"name":"cback","line":621,"loc":{"start":{"line":621,"column":12},"end":{"line":621,"column":50}}},"31":{"name":"(anonymous_31)","line":629,"loc":{"start":{"line":629,"column":18},"end":{"line":629,"column":34}}},"32":{"name":"cback","line":632,"loc":{"start":{"line":632,"column":12},"end":{"line":632,"column":50}}},"33":{"name":"(anonymous_33)","line":640,"loc":{"start":{"line":640,"column":18},"end":{"line":640,"column":34}}},"34":{"name":"cback","line":641,"loc":{"start":{"line":641,"column":12},"end":{"line":641,"column":50}}},"35":{"name":"(anonymous_35)","line":650,"loc":{"start":{"line":650,"column":16},"end":{"line":650,"column":32}}},"36":{"name":"cback","line":651,"loc":{"start":{"line":651,"column":12},"end":{"line":651,"column":50}}},"37":{"name":"(anonymous_37)","line":660,"loc":{"start":{"line":660,"column":20},"end":{"line":660,"column":36}}},"38":{"name":"(anonymous_38)","line":680,"loc":{"start":{"line":680,"column":17},"end":{"line":680,"column":34}}},"39":{"name":"(anonymous_39)","line":694,"loc":{"start":{"line":694,"column":1},"end":{"line":694,"column":12}}},"40":{"name":"(anonymous_40)","line":700,"loc":{"start":{"line":700,"column":20},"end":{"line":700,"column":62}}},"41":{"name":"(anonymous_41)","line":723,"loc":{"start":{"line":723,"column":22},"end":{"line":723,"column":39}}},"42":{"name":"(anonymous_42)","line":730,"loc":{"start":{"line":730,"column":1},"end":{"line":730,"column":12}}},"43":{"name":"(anonymous_43)","line":740,"loc":{"start":{"line":740,"column":70},"end":{"line":740,"column":86}}},"44":{"name":"(anonymous_44)","line":752,"loc":{"start":{"line":752,"column":16},"end":{"line":752,"column":58}}},"45":{"name":"(anonymous_45)","line":782,"loc":{"start":{"line":782,"column":18},"end":{"line":782,"column":35}}},"46":{"name":"(anonymous_46)","line":811,"loc":{"start":{"line":811,"column":1},"end":{"line":811,"column":12}}},"47":{"name":"(anonymous_47)","line":816,"loc":{"start":{"line":816,"column":16},"end":{"line":816,"column":58}}},"48":{"name":"(anonymous_48)","line":875,"loc":{"start":{"line":875,"column":1},"end":{"line":875,"column":12}}},"49":{"name":"(anonymous_49)","line":881,"loc":{"start":{"line":881,"column":16},"end":{"line":881,"column":58}}},"50":{"name":"(anonymous_50)","line":892,"loc":{"start":{"line":892,"column":18},"end":{"line":892,"column":35}}},"51":{"name":"cback","line":899,"loc":{"start":{"line":899,"column":12},"end":{"line":899,"column":50}}},"52":{"name":"(anonymous_52)","line":911,"loc":{"start":{"line":911,"column":1},"end":{"line":911,"column":12}}},"53":{"name":"(anonymous_53)","line":916,"loc":{"start":{"line":916,"column":16},"end":{"line":916,"column":58}}},"54":{"name":"(anonymous_54)","line":934,"loc":{"start":{"line":934,"column":1},"end":{"line":934,"column":12}}},"55":{"name":"(anonymous_55)","line":940,"loc":{"start":{"line":940,"column":16},"end":{"line":940,"column":58}}},"56":{"name":"(anonymous_56)","line":965,"loc":{"start":{"line":965,"column":18},"end":{"line":965,"column":35}}},"57":{"name":"(anonymous_57)","line":976,"loc":{"start":{"line":976,"column":1},"end":{"line":976,"column":12}}},"58":{"name":"(anonymous_58)","line":982,"loc":{"start":{"line":982,"column":16},"end":{"line":982,"column":58}}},"59":{"name":"(anonymous_59)","line":989,"loc":{"start":{"line":989,"column":18},"end":{"line":989,"column":35}}}},"statementMap":{"1":{"start":{"line":9,"column":0},"end":{"line":1013,"column":4}},"2":{"start":{"line":10,"column":4},"end":{"line":16,"column":5}},"3":{"start":{"line":11,"column":8},"end":{"line":11,"column":24}},"4":{"start":{"line":12,"column":11},"end":{"line":16,"column":5}},"5":{"start":{"line":13,"column":8},"end":{"line":13,"column":35}},"6":{"start":{"line":15,"column":8},"end":{"line":15,"column":35}},"7":{"start":{"line":22,"column":4},"end":{"line":40,"column":10}},"8":{"start":{"line":48,"column":4},"end":{"line":52,"column":5}},"9":{"start":{"line":49,"column":8},"end":{"line":49,"column":28}},"10":{"start":{"line":51,"column":8},"end":{"line":51,"column":29}},"11":{"start":{"line":54,"column":4},"end":{"line":91,"column":6}},"12":{"start":{"line":55,"column":8},"end":{"line":58,"column":19}},"13":{"start":{"line":60,"column":8},"end":{"line":88,"column":9}},"14":{"start":{"line":61,"column":12},"end":{"line":61,"column":34}},"15":{"start":{"line":62,"column":15},"end":{"line":88,"column":9}},"16":{"start":{"line":63,"column":12},"end":{"line":63,"column":22}},"17":{"start":{"line":64,"column":15},"end":{"line":88,"column":9}},"18":{"start":{"line":65,"column":12},"end":{"line":65,"column":25}},"19":{"start":{"line":66,"column":15},"end":{"line":88,"column":9}},"20":{"start":{"line":67,"column":12},"end":{"line":85,"column":13}},"21":{"start":{"line":68,"column":16},"end":{"line":68,"column":26}},"22":{"start":{"line":69,"column":19},"end":{"line":85,"column":13}},"23":{"start":{"line":70,"column":16},"end":{"line":70,"column":29}},"24":{"start":{"line":72,"column":16},"end":{"line":80,"column":17}},"25":{"start":{"line":73,"column":20},"end":{"line":73,"column":150}},"26":{"start":{"line":75,"column":20},"end":{"line":79,"column":21}},"27":{"start":{"line":76,"column":24},"end":{"line":76,"column":66}},"28":{"start":{"line":78,"column":24},"end":{"line":78,"column":30}},"29":{"start":{"line":82,"column":16},"end":{"line":82,"column":80}},"30":{"start":{"line":84,"column":16},"end":{"line":84,"column":48}},"31":{"start":{"line":87,"column":12},"end":{"line":87,"column":41}},"32":{"start":{"line":90,"column":8},"end":{"line":90,"column":41}},"33":{"start":{"line":94,"column":4},"end":{"line":94,"column":30}},"34":{"start":{"line":97,"column":4},"end":{"line":99,"column":6}},"35":{"start":{"line":98,"column":8},"end":{"line":98,"column":38}},"36":{"start":{"line":102,"column":4},"end":{"line":407,"column":6}},"37":{"start":{"line":105,"column":12},"end":{"line":125,"column":23}},"38":{"start":{"line":128,"column":12},"end":{"line":128,"column":31}},"39":{"start":{"line":130,"column":12},"end":{"line":130,"column":34}},"40":{"start":{"line":134,"column":12},"end":{"line":140,"column":13}},"41":{"start":{"line":135,"column":16},"end":{"line":135,"column":28}},"42":{"start":{"line":136,"column":16},"end":{"line":136,"column":56}},"43":{"start":{"line":137,"column":19},"end":{"line":140,"column":13}},"44":{"start":{"line":138,"column":16},"end":{"line":138,"column":118}},"45":{"start":{"line":139,"column":16},"end":{"line":139,"column":56}},"46":{"start":{"line":143,"column":12},"end":{"line":172,"column":13}},"47":{"start":{"line":144,"column":16},"end":{"line":144,"column":56}},"48":{"start":{"line":146,"column":16},"end":{"line":146,"column":61}},"49":{"start":{"line":149,"column":16},"end":{"line":151,"column":17}},"50":{"start":{"line":150,"column":20},"end":{"line":150,"column":31}},"51":{"start":{"line":153,"column":16},"end":{"line":153,"column":75}},"52":{"start":{"line":155,"column":16},"end":{"line":171,"column":17}},"53":{"start":{"line":157,"column":20},"end":{"line":157,"column":58}},"54":{"start":{"line":158,"column":20},"end":{"line":158,"column":45}},"55":{"start":{"line":159,"column":23},"end":{"line":171,"column":17}},"56":{"start":{"line":161,"column":20},"end":{"line":161,"column":57}},"57":{"start":{"line":162,"column":20},"end":{"line":162,"column":44}},"58":{"start":{"line":163,"column":23},"end":{"line":171,"column":17}},"59":{"start":{"line":165,"column":20},"end":{"line":165,"column":57}},"60":{"start":{"line":166,"column":20},"end":{"line":166,"column":44}},"61":{"start":{"line":167,"column":23},"end":{"line":171,"column":17}},"62":{"start":{"line":169,"column":20},"end":{"line":169,"column":58}},"63":{"start":{"line":170,"column":20},"end":{"line":170,"column":45}},"64":{"start":{"line":175,"column":12},"end":{"line":178,"column":13}},"65":{"start":{"line":176,"column":16},"end":{"line":176,"column":30}},"66":{"start":{"line":177,"column":16},"end":{"line":177,"column":52}},"67":{"start":{"line":181,"column":12},"end":{"line":181,"column":49}},"68":{"start":{"line":182,"column":12},"end":{"line":182,"column":45}},"69":{"start":{"line":183,"column":12},"end":{"line":183,"column":44}},"70":{"start":{"line":184,"column":12},"end":{"line":184,"column":89}},"71":{"start":{"line":186,"column":12},"end":{"line":208,"column":13}},"72":{"start":{"line":187,"column":16},"end":{"line":193,"column":17}},"73":{"start":{"line":188,"column":20},"end":{"line":188,"column":59}},"74":{"start":{"line":189,"column":20},"end":{"line":189,"column":53}},"75":{"start":{"line":190,"column":20},"end":{"line":190,"column":139}},"76":{"start":{"line":192,"column":20},"end":{"line":192,"column":91}},"77":{"start":{"line":195,"column":16},"end":{"line":195,"column":44}},"78":{"start":{"line":197,"column":16},"end":{"line":201,"column":17}},"79":{"start":{"line":198,"column":20},"end":{"line":198,"column":80}},"80":{"start":{"line":200,"column":20},"end":{"line":200,"column":33}},"81":{"start":{"line":203,"column":16},"end":{"line":205,"column":17}},"82":{"start":{"line":204,"column":20},"end":{"line":204,"column":33}},"83":{"start":{"line":207,"column":16},"end":{"line":207,"column":68}},"84":{"start":{"line":211,"column":12},"end":{"line":225,"column":13}},"85":{"start":{"line":212,"column":16},"end":{"line":212,"column":49}},"86":{"start":{"line":214,"column":16},"end":{"line":224,"column":17}},"87":{"start":{"line":216,"column":24},"end":{"line":216,"column":60}},"88":{"start":{"line":217,"column":24},"end":{"line":217,"column":30}},"89":{"start":{"line":219,"column":24},"end":{"line":219,"column":60}},"90":{"start":{"line":220,"column":24},"end":{"line":220,"column":30}},"91":{"start":{"line":222,"column":24},"end":{"line":222,"column":61}},"92":{"start":{"line":223,"column":24},"end":{"line":223,"column":30}},"93":{"start":{"line":229,"column":12},"end":{"line":232,"column":13}},"94":{"start":{"line":230,"column":16},"end":{"line":230,"column":35}},"95":{"start":{"line":231,"column":16},"end":{"line":231,"column":27}},"96":{"start":{"line":234,"column":12},"end":{"line":238,"column":13}},"97":{"start":{"line":235,"column":16},"end":{"line":237,"column":17}},"98":{"start":{"line":236,"column":20},"end":{"line":236,"column":36}},"99":{"start":{"line":240,"column":12},"end":{"line":242,"column":13}},"100":{"start":{"line":241,"column":16},"end":{"line":241,"column":108}},"101":{"start":{"line":244,"column":12},"end":{"line":246,"column":13}},"102":{"start":{"line":245,"column":16},"end":{"line":245,"column":25}},"103":{"start":{"line":248,"column":12},"end":{"line":248,"column":56}},"104":{"start":{"line":250,"column":12},"end":{"line":258,"column":13}},"105":{"start":{"line":251,"column":16},"end":{"line":251,"column":86}},"106":{"start":{"line":253,"column":16},"end":{"line":257,"column":17}},"107":{"start":{"line":254,"column":20},"end":{"line":254,"column":100}},"108":{"start":{"line":255,"column":23},"end":{"line":257,"column":17}},"109":{"start":{"line":256,"column":20},"end":{"line":256,"column":42}},"110":{"start":{"line":260,"column":12},"end":{"line":260,"column":26}},"111":{"start":{"line":264,"column":12},"end":{"line":275,"column":23}},"112":{"start":{"line":277,"column":12},"end":{"line":304,"column":13}},"113":{"start":{"line":278,"column":16},"end":{"line":278,"column":26}},"114":{"start":{"line":279,"column":19},"end":{"line":304,"column":13}},"115":{"start":{"line":280,"column":16},"end":{"line":280,"column":29}},"116":{"start":{"line":282,"column":16},"end":{"line":282,"column":26}},"117":{"start":{"line":284,"column":16},"end":{"line":286,"column":17}},"118":{"start":{"line":285,"column":20},"end":{"line":285,"column":95}},"119":{"start":{"line":288,"column":16},"end":{"line":295,"column":17}},"120":{"start":{"line":289,"column":20},"end":{"line":289,"column":148}},"121":{"start":{"line":291,"column":20},"end":{"line":294,"column":21}},"122":{"start":{"line":292,"column":24},"end":{"line":292,"column":75}},"123":{"start":{"line":293,"column":24},"end":{"line":293,"column":30}},"124":{"start":{"line":298,"column":16},"end":{"line":298,"column":136}},"125":{"start":{"line":301,"column":16},"end":{"line":301,"column":58}},"126":{"start":{"line":303,"column":16},"end":{"line":303,"column":40}},"127":{"start":{"line":306,"column":12},"end":{"line":306,"column":25}},"128":{"start":{"line":309,"column":12},"end":{"line":309,"column":61}},"129":{"start":{"line":312,"column":12},"end":{"line":312,"column":49}},"130":{"start":{"line":315,"column":12},"end":{"line":315,"column":76}},"131":{"start":{"line":318,"column":12},"end":{"line":320,"column":13}},"132":{"start":{"line":319,"column":16},"end":{"line":319,"column":90}},"133":{"start":{"line":322,"column":12},"end":{"line":324,"column":13}},"134":{"start":{"line":323,"column":16},"end":{"line":323,"column":69}},"135":{"start":{"line":326,"column":12},"end":{"line":329,"column":22}},"136":{"start":{"line":331,"column":12},"end":{"line":343,"column":13}},"137":{"start":{"line":332,"column":16},"end":{"line":332,"column":37}},"138":{"start":{"line":334,"column":16},"end":{"line":336,"column":17}},"139":{"start":{"line":335,"column":20},"end":{"line":335,"column":24}},"140":{"start":{"line":338,"column":16},"end":{"line":340,"column":17}},"141":{"start":{"line":339,"column":20},"end":{"line":339,"column":87}},"142":{"start":{"line":342,"column":16},"end":{"line":342,"column":31}},"143":{"start":{"line":344,"column":12},"end":{"line":348,"column":13}},"144":{"start":{"line":345,"column":16},"end":{"line":347,"column":17}},"145":{"start":{"line":346,"column":20},"end":{"line":346,"column":56}},"146":{"start":{"line":349,"column":12},"end":{"line":349,"column":25}},"147":{"start":{"line":357,"column":12},"end":{"line":357,"column":48}},"148":{"start":{"line":359,"column":12},"end":{"line":359,"column":72}},"149":{"start":{"line":367,"column":12},"end":{"line":367,"column":61}},"150":{"start":{"line":369,"column":12},"end":{"line":372,"column":18}},"151":{"start":{"line":370,"column":16},"end":{"line":370,"column":44}},"152":{"start":{"line":371,"column":16},"end":{"line":371,"column":47}},"153":{"start":{"line":381,"column":12},"end":{"line":386,"column":23}},"154":{"start":{"line":389,"column":12},"end":{"line":393,"column":13}},"155":{"start":{"line":390,"column":14},"end":{"line":390,"column":100}},"156":{"start":{"line":392,"column":14},"end":{"line":392,"column":45}},"157":{"start":{"line":395,"column":12},"end":{"line":395,"column":51}},"158":{"start":{"line":398,"column":12},"end":{"line":398,"column":107}},"159":{"start":{"line":400,"column":12},"end":{"line":403,"column":13}},"160":{"start":{"line":401,"column":16},"end":{"line":401,"column":113}},"161":{"start":{"line":402,"column":16},"end":{"line":402,"column":61}},"162":{"start":{"line":405,"column":12},"end":{"line":405,"column":26}},"163":{"start":{"line":410,"column":4},"end":{"line":410,"column":30}},"164":{"start":{"line":413,"column":4},"end":{"line":413,"column":30}},"165":{"start":{"line":416,"column":4},"end":{"line":416,"column":30}},"166":{"start":{"line":421,"column":4},"end":{"line":427,"column":6}},"167":{"start":{"line":422,"column":8},"end":{"line":424,"column":9}},"168":{"start":{"line":423,"column":12},"end":{"line":423,"column":54}},"169":{"start":{"line":426,"column":8},"end":{"line":426,"column":37}},"170":{"start":{"line":432,"column":4},"end":{"line":444,"column":6}},"171":{"start":{"line":433,"column":8},"end":{"line":435,"column":9}},"172":{"start":{"line":434,"column":12},"end":{"line":434,"column":50}},"173":{"start":{"line":437,"column":8},"end":{"line":437,"column":32}},"174":{"start":{"line":439,"column":8},"end":{"line":441,"column":9}},"175":{"start":{"line":440,"column":12},"end":{"line":440,"column":55}},"176":{"start":{"line":443,"column":8},"end":{"line":443,"column":28}},"177":{"start":{"line":446,"column":4},"end":{"line":450,"column":6}},"178":{"start":{"line":447,"column":8},"end":{"line":449,"column":9}},"179":{"start":{"line":448,"column":12},"end":{"line":448,"column":51}},"180":{"start":{"line":452,"column":4},"end":{"line":454,"column":6}},"181":{"start":{"line":453,"column":8},"end":{"line":453,"column":73}},"182":{"start":{"line":456,"column":4},"end":{"line":458,"column":6}},"183":{"start":{"line":457,"column":8},"end":{"line":457,"column":73}},"184":{"start":{"line":460,"column":4},"end":{"line":462,"column":6}},"185":{"start":{"line":461,"column":8},"end":{"line":461,"column":77}},"186":{"start":{"line":464,"column":4},"end":{"line":474,"column":6}},"187":{"start":{"line":465,"column":8},"end":{"line":465,"column":34}},"188":{"start":{"line":467,"column":8},"end":{"line":469,"column":9}},"189":{"start":{"line":468,"column":12},"end":{"line":468,"column":76}},"190":{"start":{"line":471,"column":8},"end":{"line":471,"column":40}},"191":{"start":{"line":473,"column":8},"end":{"line":473,"column":22}},"192":{"start":{"line":477,"column":4},"end":{"line":565,"column":6}},"193":{"start":{"line":478,"column":8},"end":{"line":485,"column":17}},"194":{"start":{"line":488,"column":8},"end":{"line":494,"column":9}},"195":{"start":{"line":489,"column":12},"end":{"line":489,"column":22}},"196":{"start":{"line":491,"column":12},"end":{"line":493,"column":13}},"197":{"start":{"line":492,"column":16},"end":{"line":492,"column":96}},"198":{"start":{"line":497,"column":8},"end":{"line":497,"column":25}},"199":{"start":{"line":500,"column":8},"end":{"line":502,"column":9}},"200":{"start":{"line":501,"column":12},"end":{"line":501,"column":24}},"201":{"start":{"line":505,"column":8},"end":{"line":507,"column":9}},"202":{"start":{"line":506,"column":12},"end":{"line":506,"column":25}},"203":{"start":{"line":510,"column":8},"end":{"line":515,"column":9}},"204":{"start":{"line":512,"column":12},"end":{"line":512,"column":53}},"205":{"start":{"line":514,"column":12},"end":{"line":514,"column":62}},"206":{"start":{"line":518,"column":8},"end":{"line":518,"column":49}},"207":{"start":{"line":519,"column":8},"end":{"line":519,"column":44}},"208":{"start":{"line":520,"column":8},"end":{"line":520,"column":52}},"209":{"start":{"line":521,"column":8},"end":{"line":525,"column":9}},"210":{"start":{"line":522,"column":12},"end":{"line":522,"column":33}},"211":{"start":{"line":524,"column":12},"end":{"line":524,"column":59}},"212":{"start":{"line":528,"column":8},"end":{"line":528,"column":36}},"213":{"start":{"line":529,"column":8},"end":{"line":534,"column":9}},"214":{"start":{"line":530,"column":12},"end":{"line":530,"column":32}},"215":{"start":{"line":531,"column":12},"end":{"line":533,"column":13}},"216":{"start":{"line":532,"column":16},"end":{"line":532,"column":29}},"217":{"start":{"line":537,"column":8},"end":{"line":537,"column":36}},"218":{"start":{"line":538,"column":8},"end":{"line":543,"column":9}},"219":{"start":{"line":539,"column":12},"end":{"line":539,"column":35}},"220":{"start":{"line":540,"column":12},"end":{"line":542,"column":13}},"221":{"start":{"line":541,"column":16},"end":{"line":541,"column":29}},"222":{"start":{"line":545,"column":8},"end":{"line":545,"column":58}},"223":{"start":{"line":547,"column":8},"end":{"line":562,"column":9}},"224":{"start":{"line":548,"column":12},"end":{"line":548,"column":47}},"225":{"start":{"line":549,"column":12},"end":{"line":561,"column":13}},"226":{"start":{"line":550,"column":16},"end":{"line":550,"column":29}},"227":{"start":{"line":552,"column":16},"end":{"line":560,"column":17}},"228":{"start":{"line":553,"column":20},"end":{"line":553,"column":104}},"229":{"start":{"line":555,"column":20},"end":{"line":559,"column":21}},"230":{"start":{"line":556,"column":24},"end":{"line":556,"column":138}},"231":{"start":{"line":558,"column":24},"end":{"line":558,"column":142}},"232":{"start":{"line":564,"column":8},"end":{"line":564,"column":21}},"233":{"start":{"line":572,"column":4},"end":{"line":663,"column":6}},"234":{"start":{"line":574,"column":12},"end":{"line":574,"column":33}},"235":{"start":{"line":577,"column":12},"end":{"line":581,"column":31}},"236":{"start":{"line":584,"column":12},"end":{"line":584,"column":62}},"237":{"start":{"line":587,"column":12},"end":{"line":603,"column":13}},"238":{"start":{"line":588,"column":16},"end":{"line":588,"column":44}},"239":{"start":{"line":589,"column":19},"end":{"line":603,"column":13}},"240":{"start":{"line":590,"column":16},"end":{"line":590,"column":44}},"241":{"start":{"line":592,"column":16},"end":{"line":598,"column":17}},"242":{"start":{"line":593,"column":20},"end":{"line":597,"column":21}},"243":{"start":{"line":594,"column":24},"end":{"line":594,"column":62}},"244":{"start":{"line":596,"column":24},"end":{"line":596,"column":30}},"245":{"start":{"line":600,"column":16},"end":{"line":600,"column":76}},"246":{"start":{"line":602,"column":16},"end":{"line":602,"column":73}},"247":{"start":{"line":605,"column":12},"end":{"line":605,"column":26}},"248":{"start":{"line":608,"column":12},"end":{"line":608,"column":31}},"249":{"start":{"line":611,"column":12},"end":{"line":611,"column":31}},"250":{"start":{"line":614,"column":12},"end":{"line":614,"column":40}},"251":{"start":{"line":616,"column":12},"end":{"line":616,"column":24}},"252":{"start":{"line":619,"column":12},"end":{"line":619,"column":79}},"253":{"start":{"line":621,"column":12},"end":{"line":623,"column":13}},"254":{"start":{"line":622,"co
[...]
;","    } else {","        factory(global.numeral);","    }","}(this, function (numeral) {","    numeral.register('locale', 'ru-ua', {","        delimiters: {","            thousands: ' ',","            decimal: ','","        },","        abbreviations: {","            thousand: 'тыс.',","            million: 'млн',","            billion: 'b',","            trillion: 't'","        },","        ordinal: function () {","            // not ideal, but since in Russian it can taken on","            // different forms (masculine, feminine, neuter)","            // this is all we can do","            return '.';","        },","        currency: {","            symbol: '\\u20B4'","        }","    });","}));",""],"l":{"5":1,"6":1,"7":0,"8":1,"9":1,"11":0,"14":1,"29":0}},"/home/travis/build/npmtest/node-npmtest-numeral/node_modules/numeral/src/locales/sk.js":{"path":"/home/travis/build/npmtest/node-npmtest-numeral/node_modules/numeral/src/locales/sk.js","s":{"1":1,"2":1,"3":0,"4":1,"5":1,"6":0,"7":1,"8":0},"b":{"1":[0,1],"2":[1,0],"3":[1,0],"4":[1,1]},"f":{"1":1,"2":1,"3":0},"fnMap":{"1":{"name":"(anonymous_1)","line":5,"loc":{"start":{"line":5,"column":1},"end":{"line":5,"column":28}}},"2":{"name":"(anonymous_2)","line":13,"loc":{"start":{"line":13,"column":8},"end":{"line":13,"column":27}}},"3":{"name":"(anonymous_3)","line":25,"loc":{"start":{"line":25,"column":17},"end":{"line":25,"column":29}}}},"statementMap":{"1":{"start":{"line":5,"column":0},"end":{"line":32,"column":4}},"2":{"start":{"line":6,"column":4},"end":{"line":12,"column":5}},"3":{"start":{"line":7,"column":8},"end":{"line":7,"column":40}},"4":{"start":{"line":8,"column":11},"end":{"line":12,"column":5}},"5":{"start":{"line":9,"column":8},"end":{"line":9,"column":39}},"6":{"start":{"line":11,"column":8},"end":{"line":11,"column":32}},"7":{"start":{"line":14,"column":4},"end":{"line":31,"column":7}},"8":{"start":{"line":26,"column":12},"end":{"line":26,"column":23}}},"branchMap":{"1":{"line":6,"type":"if","locations":[{"start":{"line":6,"column":4},"end":{"line":6,"column":4}},{"start":{"line":6,"column":4},"end":{"line":6,"column":4}}]},"2":{"line":6,"type":"binary-expr","locations":[{"start":{"line":6,"column":8},"end":{"line":6,"column":36}},{"start":{"line":6,"column":40},"end":{"line":6,"column":50}}]},"3":{"line":8,"type":"if","locations":[{"start":{"line":8,"column":11},"end":{"line":8,"column":11}},{"start":{"line":8,"column":11},"end":{"line":8,"column":11}}]},"4":{"line":8,"type":"binary-expr","locations":[{"start":{"line":8,"column":15},"end":{"line":8,"column":41}},{"start":{"line":8,"column":45},"end":{"line":8,"column":59}}]}},"code":["// numeral.js locale configuration","// locale : slovak (sk)","// author : Ahmed Al Hafoudh : http://www.freevision.sk","","(function (global, factory) {","    if (typeof define === 'function' && define.amd) {","        define(['../numeral'], factory);","    } else if (typeof module === 'object' && module.exports) {","        factory(require('../numeral'));","    } else {","        factory(global.numeral);","    }","}(this, function (numeral) {","    numeral.register('locale', 'sk', {","        delimiters: {","            thousands: ' ',","            decimal: ','","        },","        abbreviations: {","            thousand: 'tis.',","            million: 'mil.',","            billion: 'b',","            trillion: 't'","        },","        ordinal: function () {","            return '.';","        },","        currency: {","            symbol: '€'","        }","    });","}));",""],"l":{"5":1,"6":1,"7":0,"8":1,"9":1,"11":0,"14":1,"26":0}},"/home/travis/build/npmtest/node-npmtest-numeral/node_modules/numeral/src/locales/sl.js":{"path":"/home/travis/build/npmtest/node-npmtest-numeral/node_modules/numeral/src/locales/sl.js","s":{"1":1,"2":1,"3":0,"4":1,"5":1,"6":0,"7":1,"8":0},"b":{"1":[0,1],"2":[1,0],"3":[1,0],"4":[1,1]},"f":{"1":1,"2":1,"3":0},"fnMap":{"1":{"name":"(anonymous_1)","line":5,"loc":{"start":{"line":5,"column":1},"end":{"line":5,"column":28}}},"2":{"name":"(anonymous_2)","line":13,"loc":{"start":{"line":13,"column":8},"end":{"line":13,"column":27}}},"3":{"name":"(anonymous_3)","line":25,"loc":{"start":{"line":25,"column":17},"end":{"line":25,"column":29}}}},"statementMap":{"1":{"start":{"line":5,"column":0},"end":{"line":32,"column":4}},"2":{"start":{"line":6,"column":4},"end":{"line":12,"column":5}},"3":{"start":{"line":7,"column":8},"end":{"line":7,"column":40}},"4":{"start":{"line":8,"column":11},"end":{"line":12,"column":5}},"5":{"start":{"line":9,"column":8},"end":{"line":9,"column":39}},"6":{"start":{"line":11,"column":8},"end":{"line":11,"column":32}},"7":{"start":{"line":14,"column":4},"end":{"line":31,"column":7}},"8":{"start":{"line":26,"column":12},"end":{"line":26,"column":23}}},"branchMap":{"1":{"line":6,"type":"if","locations":[{"start":{"line":6,"column":4},"end":{"line":6,"column":4}},{"start":{"line":6,"column":4},"end":{"line":6,"column":4}}]},"2":{"line":6,"type":"binary-expr","locations":[{"start":{"line":6,"column":8},"end":{"line":6,"column":36}},{"start":{"line":6,"column":40},"end":{"line":6,"column":50}}]},"3":{"line":8,"type":"if","locations":[{"start":{"line":8,"column":11},"end":{"line":8,"column":11}},{"start":{"line":8,"column":11},"end":{"line":8,"column":11}}]},"4":{"line":8,"type":"binary-expr","locations":[{"start":{"line":8,"column":15},"end":{"line":8,"column":41}},{"start":{"line":8,"column":45},"end":{"line":8,"column":59}}]}},"code":["// numeral.js locale configuration","// locale : slovenian (sl)","// author : Boštjan Pišler : https://github.com/BostjanPisler","","(function (global, factory) {","    if (typeof define === 'function' && define.amd) {","        define(['../numeral'], factory);","    } else if (typeof module === 'object' && module.exports) {","        factory(require('../numeral'));","    } else {","        factory(global.numeral);","    }","}(this, function (numeral) {","    numeral.register('locale', 'sl', {","        delimiters: {","            thousands: '.',","            decimal: ','","        },","        abbreviations: {","            thousand: 'k',","            million: 'mio',","            billion: 'mrd',","            trillion: 'trilijon'","        },","        ordinal: function () {","            return '.';","        },","        currency: {","            symbol: '€'","        }","    });","}));",""],"l":{"5":1,"6":1,"7":0,"8":1,"9":1,"11":0,"14":1,"26":0}},"/home/travis/build/npmtest/node-npmtest-numeral/node_modules/numeral/src/locales/th.js":{"path":"/home/travis/build/npmtest/node-npmtest-numeral/node_modules/numeral/src/locales/th.js","s":{"1":1,"2":1,"3":0,"4":1,"5":1,"6":0,"7":1,"8":0},"b":{"1":[0,1],"2":[1,0],"3":[1,0],"4":[1,1]},"f":{"1":1,"2":1,"3":0},"fnMap":{"1":{"name":"(anonymous_1)","line":5,"loc":{"start":{"line":5,"column":1},"end":{"line":5,"column":28}}},"2":{"name":"(anonymous_2)","line":13,"loc":{"start":{"line":13,"column":8},"end":{"line":13,"column":27}}},"3":{"name":"(anonymous_3)","line":27,"loc":{"start":{"line":27,"column":17},"end":{"line":27,"column":35}}}},"statementMap":{"1":{"start":{"line":5,"column":0},"end":{"line":34,"column":4}},"2":{"start":{"line":6,"column":4},"end":{"line":12,"column":5}},"3":{"start":{"line":7,"column":8},"end":{"line":7,"column":40}},"4":{"start":{"line":8,"column":11},"end":{"line":12,"column":5}},"5":{"start":{"line":9,"column":8},"end":{"line":9,"column":39}},"6":{"start":{"line":11,"column":8},"end":{"line":11,"column":32}},"7":{"start":{"line":16,"column":4},"end":{"line":33,"column":7}},"8":{"start":{"line":28,"column":12},"end":{"line":28,"column":23}}},"branchMap":{"1":{"line":6,"type":"if","locations":[{"start":{"line":6,"column":4},"end":{"line":6,"column":4}},{"start":{"line":6,"column":4},"end":{"line":6,"column":4}}]},"2":{"line":6,"type":"binary-expr","locations":[{"start":{"line":6,"column":8},"end":{"line":6,"column":36}},{"start":{"line":6,"column":40},"end":{"line":6,"column":50}}]},"3":{"line":8,"type":"if","locations":[{"start":{"line":8,"column":11},"end":{"line":8,"column":11}},{"start":{"line":8,"column":11},"end":{"line":8,"column":11}}]},"4":{"line":8,"type":"binary-expr","locations":[{"start":{"line":8,"column":15},"end":{"line":8,"column":41}},{"start":{"line":8,"column":45},"end":{"line":8,"column":59}}]}},"code":["// numeral.js locale configuration","// locale : thai (th)","// author : Sathit Jittanupat : https://github.com/jojosati","","(function (global, factory) {","    if (typeof define === 'function' && define.amd) {","        define(['../numeral'], factory);","    } else if (typeof module === 'object' && module.exports) {","        factory(require('../numeral'));","    } else {","        factory(global.numeral);","    }","}(this, function (numeral) {","","","    numeral.register('locale', 'th', {","        delimiters: {","            thousands: ',',","            decimal: '.'","        },","        abbreviations: {","            thousand: 'พัน',","            million: 'ล้าน',","            billion: 'พันล้าน',","            trillion: 'ล้านล้าน'","        },","        ordinal: function (number) {","            return '.';","        },","        currency: {","            symbol: '฿'","        }","    });","}));",""],"l":{"5":1,"6":1,"7":0,"8":1,"9":1,"11":0,"16":1,"28":0}},"/home/travis/build/npmtest/node-npmtest-numeral/node_modules/numeral/src/locales/tr.js":{"path":"/home/travis/build/npmtest/node-npmtest-numeral/node_modules/numeral/src/locales/tr.js","s":{"1":1,"2":1,"3":0,"4":1,"5":1,"6":0,"7":1,"8":1,"9":0,"10":0,"11":0,"12":0},"b":{"1":[0,1],"2":[1,0],"3":[1,0],"4":[1,1],"5":[0,0],"6":[0,0],"7":[0,0,0]},"f":{"1":1,"2":1,"3":0},"fnMap":{"1":{"name":"(anonymous_1)","line":5,"loc":{"start":{"line":5,"column":1},"end":{"line":5,"column":28}}},"2":{"name":"(anonymous_2)","line":13,"loc":{"start":{"line":13,"column":8},"end":{"line":13,"column":27}}},"3":{"name":"(anonymous_3)","line":51,"loc":{"start":{"line":51,"column":17},"end":{"line":51,"column":35}}}},"statementMap":{"1":{"start":{"line":5,"column":0},"end":{"line":66,"column":4}},"2":{"start":{"line":6,"column":4},"end":{"line":12,"column":5}},"3":{"start":{"line":7,"column":8},"end":{"line":7,"column":40}},"4":{"start":{"line":8,"column":11},"end":{"line":12,"column":5}},"5":{"start":{"line":9,"column":8},"end":{"line":9,"column":39}},"6":{"start":{"line":11,"column":8},"end":{"line":11,"column":32}},"7":{"start":{"line":14,"column":4},"end":{"line":38,"column":10}},"8":{"start":{"line":40,"column":4},"end":{"line":65,"column":7}},"9":{"start":{"line":52,"column":12},"end":{"line":54,"column":13}},"10":{"start":{"line":53,"column":16},"end":{"line":53,"column":32}},"11":{"start":{"line":56,"column":12},"end":{"line":58,"column":47}},"12":{"start":{"line":60,"column":10},"end":{"line":60,"column":59}}},"branchMap":{"1":{"line":6,"type":"if","locations":[{"start":{"line":6,"column":4},"end":{"line":6,"column":4}},{"start":{"line":6,"column":4},"end":{"line":6,"column":4}}]},"2":{"line":6,"type":"binary-expr","locations":[{"start":{"line":6,"column":8},"end":{"line":6,"column":36}},{"start":{"line":6,"column":40},"end":{"line":6,"column":50}}]},"3":{"line":8,"type":"if","locations":[{"start":{"line":8,"column":11},"end":{"line":8,"column":11}},{"start":{"line":8,"column":11},"end":{"line":8,"column":11}}]},"4":{"line":8,"type":"binary-expr","locations":[{"start":{"line":8,"column":15},"end":{"line":8,"column":41}},{"start":{"line":8,"column":45},"end":{"line":8,"column":59}}]},"5":{"line":52,"type":"if","locations":[{"start":{"line":52,"column":12},"end":{"line":52,"column":12}},{"start":{"line":52,"column":12},"end":{"line":52,"column":12}}]},"6":{"line":58,"type":"cond-expr","locations":[{"start":{"line":58,"column":36},"end":{"line":58,"column":39}},{"start":{"line":58,"column":42},"end":{"line":58,"column":46}}]},"7":{"line":60,"type":"binary-expr","locations":[{"start":{"line":60,"column":17},"end":{"line":60,"column":28}},{"start":{"line":60,"column":32},"end":{"line":60,"column":43}},{"start":{"line":60,"column":47},"end":{"line":60,"column":58}}]}},"code":["// numeral.js locale configuration","// locale : turkish (tr)","// author : Ecmel Ercan : https://github.com/ecmel, Erhan Gundogan : https://github.com/erhangundogan, Burak Yiğit Kaya: https://github.com/BYK","","(function (global, factory) {","    if (typeof define === 'function' && define.amd) {","        define(['../numeral'], factory);","    } else if (typeof module === 'object' && module.exports) {","        factory(require('../numeral'));","    } else {","        factory(global.numeral);","    }","}(this, function (numeral) {","    var suffixes = {","            1: '\\'inci',","            5: '\\'inci',","            8: '\\'inci',","            70: '\\'inci',","            80: '\\'inci',","","            2: '\\'nci',","            7: '\\'nci',","            20: '\\'nci',","            50: '\\'nci',","","            3: '\\'üncü',","            4: '\\'üncü',","            100: '\\'üncü',","","            6: '\\'ncı',","","            9: '\\'uncu',","            10: '\\'uncu',","            30: '\\'uncu',","","            60: '\\'ıncı',","            90: '\\'ıncı'","        };","","    numeral.register('locale', 'tr', {","        delimiters: {","            thousands: '.',","            decimal: ','","        },","        abbreviations: {","            thousand: 'bin',","            million: 'milyon',","            billion: 'milyar',","            trillion: 'trilyon'","        },","        ordinal: function (number) {","            if (number === 0) {  // special case for zero","                return '\\'ıncı';","            }","","            var a = number % 10,","                b = number % 100 - a,","                c = number >= 100 ? 100 : null;","","          return suffixes[a] || suffixes[b] || suffixes[c];","        },","        currency: {","            symbol: '\\u20BA'","        }","    });","}));",""],"l":{"5":1,"6":1,"7":0,"8":1,"9":1,"11":0,"14":1,"40":1,"52":0,"53":0,"56":0,"60":0}},"/home/travis/build/npmtest/node-npmtest-numeral/node_modules/numeral/src/locales/uk-ua.js":{"path":"/home/travis/build/npmtest/node-npmtest-numeral/node_modules/numeral/src/locales/uk-ua.js","s":{"1":1,"2":1,"3":0,"4":1,"5":1,"6":0,"7":1,"8":0},"b":{"1":[0,1],"2":[1,0],"3":[1,0],"4":[1,1]},"f":{"1":1,"2":1,"3":0},"fnMap":{"1":{"name":"(anonymous_1)","line":5,"loc":{"start":{"line":5,"column":1},"end":{"line":5,"column":28}}},"2":{"name":"(anonymous_2)","line":13,"loc":{"start":{"line":13,"column":8},"end":{"line":13,"column":27}}},"3":{"name":"(anonymous_3)","line":25,"loc":{"start":{"line":25,"column":17},"end":{"line":25,"column":29}}}},"statementMap":{"1":{"start":{"line":5,"column":0},"end":{"line":35,"column":4}},"2":{"start":{"line":6,"column":4},"end":{"line":12,"column":5}},"3":{"start":{"line":7,"column":8},"end":{"line":7,"column":40}},"4":{"start":{"line":8,"column":11},"end":{"line":12,"column":5}},"5":{"start":{"line":9,"column":8},"end":{"line":9,"column":39}},"6":{"start":{"line":11,"column":8},"end":{"line":11,"column":32}},"7":{"start":{"line":14,"column":4},"end":{"line":34,"column":7}},"8":{"start":{"line":29,"column":12},"end":{"line":29,"column":22}}},"branchMap":{"1":{"line":6,"type":"if","locations":[{"start":{"line":6,"column":4},"end":{"line":6,"column":4}},{"start":{"line":6,"column":4},"end":{"line":6,"column":4}}]},"2":{"line":6,"type":"binary-expr","locations":[{"start":{"line":6,"column":8},"end":{"line":6,"column":36}},{"start":{"line":6,"column":40},"end":{"line":6,"column":50}}]},"3":{"line":8,"type":"if","locations":[{"start":{"line":8,"column":11},"end":{"line":8,"column":11}},{"start":{"line":8,"column":11},"end":{"line":8,"column":11}}]},"4":{"line":8,"type":"binary-expr","locations":[{"start":{"line":8,"column":15},"end":{"line":8,"column":41}},{"start":{"line":8,"column":45},"end":{"line":8,"column":59}}]}},"code":["// numeral.js locale configuration","// locale : Ukrainian for the Ukraine (uk-ua)","// author : Michael Piefel : https://github.com/piefel (with help from Tetyana Kuzmenko)","","(function (global, factory) {","    if (typeof define === 'function' && define.amd) {","        define(['../numeral'], factory);","    } else if (typeof module === 'object' && module.exports) {","        factory(require('../numeral'));","    } else {","        factory(global.numeral);","    }","}(this, function (numeral) {","    numeral.register('locale', 'uk-ua', {","        delimiters: {","            thousands: ' ',","            decimal: ','","        },","        abbreviations: {","            thousand: 'тис.',","            million: 'млн',","            billion: 'млрд',","            trillion: 'блн'","        },","        ordinal: function () {","            // not ideal, but since in Ukrainian it can taken on","            // different forms (masculine, feminine, neuter)","            // this is all we can do","            return '';","        },","        currency: {","            symbol: '\\u20B4'","        }","    });","}));",""],"l":{"5":1,"6":1,"7":0,"8":1,"9":1,"11":0,"14":1,"29":0}},"/home/travis/build/npmtest/node-npmtest-numeral/node_modules/numeral/src/locales/vi.js":{"path":"/home/travis/build/npmtest/node-npmtest-numeral/node_modules/numeral/src/locales/vi.js","s":{"1":1,"2":1,"3":0,"4":1,"5":1,"6":0,"7":1,"8":0},"b":{"1":[0,1],"2":[1,0],"3":[1,0],"4":[1,1]},"f":{"1":1,"2":1,"3":0},"fnMap":{"1":{"name":"(anonymous_1)","line":5,"loc":{"start":{"line":5,"column":1},"end":{"line":5,"column":28}}},"2":{"name":"(anonymous_2)","line":13,"loc":{"start":{"line":13,"column":8},"end":{"line":13,"column":27}}},"3":{"name":"(anonymous_3)","line":26,"loc":{"start":{"line":26,"column":17},"end":{"line":26,"column":29}}}},"statementMap":{"1":{"start":{"line":5,"column":0},"end":{"line":33,"column":4}},"2":{"start":{"line":6,"column":4},"end":{"line":12,"column":5}},"3":{"start":{"line":7,"column":8},"end":{"line":7,"column":40}},"4":{"start":{"line":8,"column":11},"end":{"line":12,"column":5}},"5":{"start":{"line":9,"column":8},"end":{"line":9,"column":39}},"6":{"start":{"line":11,"column":8},"end":{"line":11,"column":32}},"7":{"start":{"line":15,"column":4},"end":{"line":32,"column":7}},"8":{"start":{"line":27,"column":12},"end":{"line":27,"column":23}}},"branchMap":{"1":{"line":6,"type":"if","locations":[{"start":{"line":6,"column":4},"end":{"line":6,"column":4}},{"start":{"line":6,"column":4},"end":{"line":6,"column":4}}]},"2":{"line":6,"type":"binary-expr","locations":[{"start":{"line":6,"column":8},"end":{"line":6,"column":36}},{"start":{"line":6,"column":40},"end":{"line":6,"column":50}}]},"3":{"line":8,"type":"if","locations":[{"start":{"line":8,"column":11},"end":{"line":8,"column":11}},{"start":{"line":8,"column":11},"end":{"line":8,"column":11}}]},"4":{"line":8,"type":"binary-expr","locations":[{"start":{"line":8,"column":15},"end":{"line":8,"column":41}},{"start":{"line":8,"column":45},"end":{"line":8,"column":59}}]}},"code":["// numeral.js locale configuration","// locale : vietnam (vi)","// author : Harry Nguyen : https://github.com/thaihoa311","","(function (global, factory) {","    if (typeof define === 'function' && define.amd) {","        define(['../numeral'], factory);","    } else if (typeof module === 'object' && module.exports) {","        factory(require('../numeral'));","    } else {","        factory(global.numeral);","    }","}(this, function (numeral) {","","    numeral.register('locale', 'vi', {","        delimiters: {","            thousands: '.',","            decimal: ','","        },","        abbreviations: {","            thousand: ' nghìn',","            million: ' triệu',","            billion: ' tỷ',","            trillion: ' nghìn tỷ'","        },","        ordinal: function () {","            return '.';","        },","        currency: {","            symbol: '₫'","        }","    });","}));",""],"l":{"5":1,"6":1,"7":0,"8":1,"9":1,"11":0,"15":1,"27":0}}}